
       _______________________________________________________

__________//____________________________/////_________________/________
_________/__/____________/_____________/______________/_______/________
________/____/___________/_____________/______________________/________
________/____/__/_____/_/////___/////__/__////_/_///__/__////_/________
_______/______/_/_____/__/_____/_____/_/_____/_//___/_/_/____//________
_______////////_/_____/__/_____/_____/_/_____/_/______/_/_____/________
_______/______/_/____//__/___/_/_____/_/_____/_/______/_/____//________
_______/______/__////_/___///___/////___/////__/______/__////_/________

       _______________________________________________________

                                ______
                               /      \
                              /        \
                             /          \
                             \    /\    /
                              \  /  \  /
                               \/ /\ \/
                                 /  \
                                /____\


                ______________________________________ 
               |                                      |
               |            AutoGrid 4.2.7.x          |
               |                                      |
               |        Garrett M. Morris, TSRI       |
               |            Ruth Huey, TSRI           |
               |        David S. Goodsell, TSRI       |
               |         Arthur J. Olson, TSRI        |
               |                                      |
               |        (C) 1989-2020, TSRI           |
               |   The Scripps Research Institute     |
               |______________________________________|

                ______________________________________ 
               |                                      |
               | Calculation of van der Waals, H-Bond,|
               |   Electrostatic Potential Energy, &  |
               |   Desolvation Free Energy Grid Maps  |
               |             for AutoDock             |
               | For help, email autodock@scripps.edu |
               |______________________________________|




                           $Revision: 1.160 $
Compilation parameters:  NUM_RECEPTOR_TYPES=20 NEINT=1024
  AG_MAX_ATOMS=100000  AG_MAX_NBONDS=4 MAX_MAPS=128 NDIEL=8192 MAX_ATOM_TYPES=126
        e_vdW_Hb table allows    15876 entries of size 1024
Maximum number of maps that can be computed = 128 (defined by MAX_MAPS in "autocomm.h").
  Non-bond cutoff for internal energy calculation (SOFTNBC): 8.00
  Optimize internal energy scoring (USE_8A_NBCUTOFF):  yes
  Faster search for nearby atoms (USE_BHTREE):  no
  Run calculations in parallel if possible (_OPENMP):  yes
  Maximum number of parallel threads (MAXTHREADS): 32
This file was created at:			9:48 38" a.m., 05/29/2025
                   using:			"unknown_host"


GPF> npts 60 60 60                        # num.grid points in xyz

Number of grid points in x-direction:	61
Number of grid points in y-direction:	61
Number of grid points in z-direction:	61

GPF> gridfld receptor.maps.fld            # grid_data_file

Creating (AVS-readable) grid maps file : receptor.maps.fld

Creating (AVS-readable) grid-coordinates extrema file : receptor.maps.xyz

GPF> spacing 0.375                        # spacing(A)
Grid Spacing :			0.375 Angstrom

GPF> receptor_types A C H OA N SA HD      # receptor atom types
GPF> ligand_types A C F NA N HD           # ligand atom types
0 'A' ->'A' vdW/Hb/cov
1 'C' ->'C' vdW/Hb/cov
2 'F' ->'F' vdW/Hb/cov
3 'NA' ->'NA' vdW/Hb/cov
4 'N' ->'N' vdW/Hb/cov
5 'HD' ->'HD' vdW/Hb/cov
Allocated space for 8 gridmap objects
16 CPU threads will be used for calculation

Atom type names for ligand atom types 1-6 used for ligand-atom affinity grid maps:

			Atom type number 1 corresponds to atom type name "A".
			Atom type number 2 corresponds to atom type name "C".
			Atom type number 3 corresponds to atom type name "F".
			Atom type number 4 corresponds to atom type name "NA".
			Atom type number 5 corresponds to atom type name "N".
			Atom type number 6 corresponds to atom type name "HD".


GPF> receptor receptor.pdbqt              # macromolecule

Receptor Input File :	receptor.pdbqt

Receptor Atom Type Assignments:


Maximum partial atomic charge found = +0.665 e
Minimum partial atomic charge found = -0.648 e

Atom	Atom	Number of this Type
Type	 ID 	 in Receptor
____	____	___________________
 0	 A		   186
 1	 C		  1294
 2	 H		  1861
 3	 OA		   405
 4	 N		   387
 5	 SA		    17
 6	 HD		   512

Total number of atoms :		4662 atoms 
Total charge :			8.16 e


Receptor coordinates fit within the following volume:

                   _______(50.2, 67.3, 120.2)
                  /|     /|
                 / |    / |
                /______/  |
                |  |___|__| Midpoint = (22.8, 42.3, 89.3)
                |  /   |  /
                | /    | /
                |/_____|/
(-4.6, 17.2, 58.5)      

Maximum coordinates :		(50.159, 67.315, 120.203)
Minimum coordinates :		(-4.576, 17.213, 58.452)


GPF> gridcenter 16.031 34.640 91.663      # xyz-coordinates or auto

Grid maps will be centered on user-defined coordinates:

		(16.031, 34.640, 91.663)

Grid maps will cover the following volume:

                   _______(27.3, 45.9, 102.9)
                  /|     /|
                 / |    / |
                /______/  |
                |  |___|__| Midpoint = (16.0, 34.6, 91.7)
                |  /   |  /
                | /    | /
                |/_____|/
(4.8, 23.4, 80.4)      

Grid map x-dimension :		22.5 Angstroms
Grid map y-dimension :		22.5 Angstroms
Grid map z-dimension :		22.5 Angstroms

Maximum coordinates :		(27.281, 45.890, 102.913)
Minimum coordinates :		(4.781, 23.390, 80.413)

GPF> smooth 0.5                           # store minimum energy w/in rad(A)

Potentials will be smoothed by: 0.500 Angstrom

GPF> map receptor.A.map                   # atom-specific affinity map

Output Grid Map 1:   receptor.A.map

GPF> map receptor.C.map                   # atom-specific affinity map

Output Grid Map 2:   receptor.C.map

GPF> map receptor.F.map                   # atom-specific affinity map

Output Grid Map 3:   receptor.F.map

GPF> map receptor.NA.map                  # atom-specific affinity map

Output Grid Map 4:   receptor.NA.map

GPF> map receptor.N.map                   # atom-specific affinity map

Output Grid Map 5:   receptor.N.map

GPF> map receptor.HD.map                  # atom-specific affinity map

Output Grid Map 6:   receptor.HD.map

GPF> elecmap receptor.e.map               # electrostatic potential map

Output Electrostatic Potential Energy Grid Map: receptor.e.map

GPF> dsolvmap receptor.d.map              # desolvation potential map

Output Desolvation Free Energy Grid Map: receptor.d.map

GPF> dielectric -0.1465                   # <0, AD4 distance-dep.diel;>0, constant

Using *distance-dependent* dielectric function of Mehler and Solmajer, Prot.Eng.4, 903-910.


>>> Closing the grid parameter file (GPF)... <<<

________________________________________________________________________________



No Floating Grid was requested.


No Constriction Grid was requested.


Calculating Pairwise Interaction Energies
Beginning grid calculations.

Calculating 8 grids over 226981 elements, around 4662 receptor atoms.

                    Percent   Estimated Time  Time/this plane
XY-plane  Z-coord   Done      Remaining       Real, User, System
            /Ang              /sec            /sec
________  ________  ________  ______________  __________________________

    -30     80.413     1.6%           16.20s  Real= 0.27,  CPU= 4.18,  System= 0.00
    -29     80.788     3.3%           15.93s  Real= 0.27,  CPU= 4.19,  System= 0.00
    -28     81.163     4.9%           15.66s  Real= 0.27,  CPU= 4.22,  System= 0.00
    -27     81.538     6.6%           15.39s  Real= 0.27,  CPU= 4.24,  System= 0.00
    -26     81.913     8.2%           15.12s  Real= 0.27,  CPU= 4.27,  System= 0.00
    -25     82.288     9.8%           15.40s  Real= 0.28,  CPU= 4.34,  System= 0.00
    -24     82.663    11.5%           15.12s  Real= 0.28,  CPU= 4.34,  System= 0.00
    -23     83.038    13.1%           14.84s  Real= 0.28,  CPU= 4.37,  System= 0.00
    -22     83.413    14.8%           14.56s  Real= 0.28,  CPU= 4.39,  System= 0.00
    -21     83.788    16.4%           14.79s  Real= 0.29,  CPU= 4.43,  System= 0.00
    -20     84.163    18.0%           14.50s  Real= 0.29,  CPU= 4.43,  System= 0.00
    -19     84.538    19.7%           14.21s  Real= 0.29,  CPU= 4.45,  System= 0.00
    -18     84.913    21.3%           13.92s  Real= 0.29,  CPU= 4.45,  System= 0.00
    -17     85.288    23.0%           13.63s  Real= 0.29,  CPU= 4.45,  System= 0.00
    -16     85.663    24.6%           13.80s  Real= 0.30,  CPU= 4.72,  System= 0.00
    -15     86.038    26.2%           13.50s  Real= 0.30,  CPU= 4.72,  System= 0.00
    -14     86.413    27.9%           11.44s  Real= 0.26,  CPU= 3.92,  System= 0.01
    -13     86.788    29.5%           11.18s  Real= 0.26,  CPU= 3.97,  System= 0.01
    -12     87.163    31.1%           11.34s  Real= 0.27,  CPU= 3.98,  System= 0.01
    -11     87.538    32.8%           11.07s  Real= 0.27,  CPU= 4.04,  System= 0.01
    -10     87.913    34.4%           10.80s  Real= 0.27,  CPU= 4.04,  System= 0.01
     -9     88.288    36.1%           10.53s  Real= 0.27,  CPU= 4.09,  System= 0.01
     -8     88.663    37.7%           10.64s  Real= 0.28,  CPU= 4.14,  System= 0.01
     -7     89.038    39.3%           10.36s  Real= 0.28,  CPU= 4.20,  System= 0.01
     -6     89.413    41.0%           10.08s  Real= 0.28,  CPU= 4.19,  System= 0.01
     -5     89.788    42.6%            9.80s  Real= 0.28,  CPU= 4.22,  System= 0.01
     -4     90.163    44.3%            9.52s  Real= 0.28,  CPU= 4.23,  System= 0.01
     -3     90.538    45.9%            9.24s  Real= 0.28,  CPU= 4.23,  System= 0.01
     -2     90.913    47.5%            8.96s  Real= 0.28,  CPU= 4.24,  System= 0.01
     -1     91.288    49.2%            8.37s  Real= 0.27,  CPU= 4.02,  System= 0.01
      0     91.663    50.8%            8.40s  Real= 0.28,  CPU= 4.14,  System= 0.01
      1     92.038    52.5%            7.83s  Real= 0.27,  CPU= 3.92,  System= 0.00
      2     92.413    54.1%            7.56s  Real= 0.27,  CPU= 3.98,  System= 0.00
      3     92.788    55.7%            7.02s  Real= 0.26,  CPU= 4.00,  System= 0.00
      4     93.163    57.4%            7.02s  Real= 0.27,  CPU= 4.04,  System= 0.00
      5     93.538    59.0%            7.00s  Real= 0.28,  CPU= 4.05,  System= 0.00
      6     93.913    60.7%            6.72s  Real= 0.28,  CPU= 4.11,  System= 0.00
      7     94.288    62.3%            6.44s  Real= 0.28,  CPU= 4.16,  System= 0.00
      8     94.663    63.9%            5.94s  Real= 0.27,  CPU= 4.04,  System= 0.00
      9     95.038    65.6%            6.09s  Real= 0.29,  CPU= 4.20,  System= 0.00
     10     95.413    67.2%            5.60s  Real= 0.28,  CPU= 4.21,  System= 0.00
     11     95.788    68.9%            5.32s  Real= 0.28,  CPU= 4.24,  System= 0.00
     12     96.163    70.5%            5.04s  Real= 0.28,  CPU= 4.23,  System= 0.00
     13     96.538    72.1%            4.76s  Real= 0.28,  CPU= 4.24,  System= 0.00
     14     96.913    73.8%            4.48s  Real= 0.28,  CPU= 4.19,  System= 0.00
     15     97.288    75.4%            4.50s  Real= 0.30,  CPU= 4.46,  System= 0.00
     16     97.663    77.0%            3.64s  Real= 0.26,  CPU= 3.95,  System= 0.00
     17     98.038    78.7%            3.51s  Real= 0.27,  CPU= 3.98,  System= 0.00
     18     98.413    80.3%            3.24s  Real= 0.27,  CPU= 4.00,  System= 0.00
     19     98.788    82.0%            2.97s  Real= 0.27,  CPU= 3.99,  System= 0.00
     20     99.163    83.6%            2.70s  Real= 0.27,  CPU= 4.01,  System= 0.00
     21     99.538    85.2%            2.43s  Real= 0.27,  CPU= 3.95,  System= 0.00
     22     99.913    86.9%            2.24s  Real= 0.28,  CPU= 3.98,  System= 0.00
     23    100.288    88.5%            1.96s  Real= 0.28,  CPU= 3.88,  System= 0.00
     24    100.663    90.2%            1.68s  Real= 0.28,  CPU= 3.93,  System= 0.00
     25    101.038    91.8%            1.40s  Real= 0.28,  CPU= 3.90,  System= 0.00
     26    101.413    93.4%            1.12s  Real= 0.28,  CPU= 3.88,  System= 0.00
     27    101.788    95.1%            0.87s  Real= 0.29,  CPU= 3.87,  System= 0.00
     28    102.163    96.7%            0.58s  Real= 0.29,  CPU= 3.86,  System= 0.00
     29    102.538    98.4%            0.28s  Real= 0.28,  CPU= 3.75,  System= 0.00
     30    102.913   100.0%            0.00s  Real= 0.28,  CPU= 3.68,  System= 0.00

Grid	Atom	Minimum   	Maximum
Map 	Type	Energy    	Energy 
		(kcal/mol)	(kcal/mol)
____	____	_____________	_____________
 1	 A	   -0.78	 2.03e+05
 2	 C	   -0.86	 2.03e+05
 3	 F	   -0.63	 2.00e+05
 4	 NA	   -1.41	 2.00e+05
 5	 N	   -0.95	 2.00e+05
 6	 HD	   -0.74	 1.07e+05
 7	 e	  -34.37	 3.73e+01	Electrostatic Potential
 8	 d	    0.00	 1.52e+00	Desolvation Potential


 * Note:  Every pairwise-atomic interaction was clamped at 100000.00


autogrid4: Successful Completion.
Real= 1.23s,  CPU= 17.34s,  System= 0.03s
