
       _______________________________________________________

__________//____________________________/////_________________/________
_________/__/____________/_____________/______________/_______/________
________/____/___________/_____________/______________________/________
________/____/__/_____/_/////___/////__/__////_/_///__/__////_/________
_______/______/_/_____/__/_____/_____/_/_____/_//___/_/_/____//________
_______////////_/_____/__/_____/_____/_/_____/_/______/_/_____/________
_______/______/_/____//__/___/_/_____/_/_____/_/______/_/____//________
_______/______/__////_/___///___/////___/////__/______/__////_/________

       _______________________________________________________

                                ______
                               /      \
                              /        \
                             /          \
                             \    /\    /
                              \  /  \  /
                               \/ /\ \/
                                 /  \
                                /____\


                ______________________________________ 
               |                                      |
               |            AutoGrid 4.2.7.x          |
               |                                      |
               |        Garrett M. Morris, TSRI       |
               |            Ruth Huey, TSRI           |
               |        David S. Goodsell, TSRI       |
               |         Arthur J. Olson, TSRI        |
               |                                      |
               |        (C) 1989-2020, TSRI           |
               |   The Scripps Research Institute     |
               |______________________________________|

                ______________________________________ 
               |                                      |
               | Calculation of van der Waals, H-Bond,|
               |   Electrostatic Potential Energy, &  |
               |   Desolvation Free Energy Grid Maps  |
               |             for AutoDock             |
               | For help, email autodock@scripps.edu |
               |______________________________________|




                           $Revision: 1.160 $
Compilation parameters:  NUM_RECEPTOR_TYPES=20 NEINT=1024
  AG_MAX_ATOMS=100000  AG_MAX_NBONDS=4 MAX_MAPS=128 NDIEL=8192 MAX_ATOM_TYPES=126
        e_vdW_Hb table allows    15876 entries of size 1024
Maximum number of maps that can be computed = 128 (defined by MAX_MAPS in "autocomm.h").
  Non-bond cutoff for internal energy calculation (SOFTNBC): 8.00
  Optimize internal energy scoring (USE_8A_NBCUTOFF):  yes
  Faster search for nearby atoms (USE_BHTREE):  no
  Run calculations in parallel if possible (_OPENMP):  yes
  Maximum number of parallel threads (MAXTHREADS): 32
This file was created at:			9:49 08" a.m., 05/29/2025
                   using:			"unknown_host"


GPF> npts 60 60 60                        # num.grid points in xyz

Number of grid points in x-direction:	61
Number of grid points in y-direction:	61
Number of grid points in z-direction:	61

GPF> gridfld receptor.maps.fld            # grid_data_file

Creating (AVS-readable) grid maps file : receptor.maps.fld

Creating (AVS-readable) grid-coordinates extrema file : receptor.maps.xyz

GPF> spacing 0.375                        # spacing(A)
Grid Spacing :			0.375 Angstrom

GPF> receptor_types A C H OA N SA HD      # receptor atom types
GPF> ligand_types A C HD N                # ligand atom types
0 'A' ->'A' vdW/Hb/cov
1 'C' ->'C' vdW/Hb/cov
2 'HD' ->'HD' vdW/Hb/cov
3 'N' ->'N' vdW/Hb/cov
Allocated space for 6 gridmap objects
16 CPU threads will be used for calculation

Atom type names for ligand atom types 1-4 used for ligand-atom affinity grid maps:

			Atom type number 1 corresponds to atom type name "A".
			Atom type number 2 corresponds to atom type name "C".
			Atom type number 3 corresponds to atom type name "HD".
			Atom type number 4 corresponds to atom type name "N".


GPF> receptor receptor.pdbqt              # macromolecule

Receptor Input File :	receptor.pdbqt

Receptor Atom Type Assignments:


Maximum partial atomic charge found = +0.665 e
Minimum partial atomic charge found = -0.648 e

Atom	Atom	Number of this Type
Type	 ID 	 in Receptor
____	____	___________________
 0	 A		   199
 1	 C		  1290
 2	 H		  1802
 3	 OA		   427
 4	 N		   423
 5	 SA		    15
 6	 HD		   562

Total number of atoms :		4718 atoms 
Total charge :			6.15 e


Receptor coordinates fit within the following volume:

                   _______(32.5, 103.6, 40.5)
                  /|     /|
                 / |    / |
                /______/  |
                |  |___|__| Midpoint = (7.6, 71.8, 12.3)
                |  /   |  /
                | /    | /
                |/_____|/
(-17.3, 40.0, -15.8)      

Maximum coordinates :		(32.521, 103.553, 40.494)
Minimum coordinates :		(-17.335, 39.967, -15.842)


GPF> gridcenter 15.387 66.827 5.269       # xyz-coordinates or auto

Grid maps will be centered on user-defined coordinates:

		(15.387, 66.827, 5.269)

Grid maps will cover the following volume:

                   _______(26.6, 78.1, 16.5)
                  /|     /|
                 / |    / |
                /______/  |
                |  |___|__| Midpoint = (15.4, 66.8, 5.3)
                |  /   |  /
                | /    | /
                |/_____|/
(4.1, 55.6, -6.0)      

Grid map x-dimension :		22.5 Angstroms
Grid map y-dimension :		22.5 Angstroms
Grid map z-dimension :		22.5 Angstroms

Maximum coordinates :		(26.637, 78.077, 16.519)
Minimum coordinates :		(4.137, 55.577, -5.981)

GPF> smooth 0.5                           # store minimum energy w/in rad(A)

Potentials will be smoothed by: 0.500 Angstrom

GPF> map receptor.A.map                   # atom-specific affinity map

Output Grid Map 1:   receptor.A.map

GPF> map receptor.C.map                   # atom-specific affinity map

Output Grid Map 2:   receptor.C.map

GPF> map receptor.HD.map                  # atom-specific affinity map

Output Grid Map 3:   receptor.HD.map

GPF> map receptor.N.map                   # atom-specific affinity map

Output Grid Map 4:   receptor.N.map

GPF> elecmap receptor.e.map               # electrostatic potential map

Output Electrostatic Potential Energy Grid Map: receptor.e.map

GPF> dsolvmap receptor.d.map              # desolvation potential map

Output Desolvation Free Energy Grid Map: receptor.d.map

GPF> dielectric -0.1465                   # <0, AD4 distance-dep.diel;>0, constant

Using *distance-dependent* dielectric function of Mehler and Solmajer, Prot.Eng.4, 903-910.


>>> Closing the grid parameter file (GPF)... <<<

________________________________________________________________________________



No Floating Grid was requested.


No Constriction Grid was requested.


Calculating Pairwise Interaction Energies
Beginning grid calculations.

Calculating 6 grids over 226981 elements, around 4718 receptor atoms.

                    Percent   Estimated Time  Time/this plane
XY-plane  Z-coord   Done      Remaining       Real, User, System
            /Ang              /sec            /sec
________  ________  ________  ______________  __________________________

    -30     -5.981     1.6%           15.00s  Real= 0.25,  CPU= 3.89,  System= 0.00
    -29     -5.606     3.3%           15.34s  Real= 0.26,  CPU= 3.98,  System= 0.00
    -28     -5.231     4.9%           15.08s  Real= 0.26,  CPU= 4.03,  System= 0.00
    -27     -4.856     6.6%           14.82s  Real= 0.26,  CPU= 4.06,  System= 0.00
    -26     -4.481     8.2%           14.56s  Real= 0.26,  CPU= 4.09,  System= 0.00
    -25     -4.106     9.8%           14.30s  Real= 0.26,  CPU= 4.09,  System= 0.00
    -24     -3.731    11.5%           14.58s  Real= 0.27,  CPU= 4.10,  System= 0.00
    -23     -3.356    13.1%           14.31s  Real= 0.27,  CPU= 4.13,  System= 0.00
    -22     -2.981    14.8%           14.04s  Real= 0.27,  CPU= 4.13,  System= 0.00
    -21     -2.606    16.4%           13.77s  Real= 0.27,  CPU= 4.21,  System= 0.00
    -20     -2.231    18.0%           14.00s  Real= 0.28,  CPU= 4.25,  System= 0.00
    -19     -1.856    19.7%           13.72s  Real= 0.28,  CPU= 4.28,  System= 0.00
    -18     -1.481    21.3%           13.44s  Real= 0.28,  CPU= 4.30,  System= 0.00
    -17     -1.106    23.0%           13.16s  Real= 0.28,  CPU= 4.30,  System= 0.00
    -16     -0.731    24.6%           12.88s  Real= 0.28,  CPU= 4.30,  System= 0.00
    -15     -0.356    26.2%           19.80s  Real= 0.44,  CPU= 6.77,  System= 0.00
    -14      0.019    27.9%           11.44s  Real= 0.26,  CPU= 3.87,  System= 0.00
    -13      0.394    29.5%           11.18s  Real= 0.26,  CPU= 3.94,  System= 0.00
    -12      0.769    31.1%           11.34s  Real= 0.27,  CPU= 3.97,  System= 0.00
    -11      1.144    32.8%           11.07s  Real= 0.27,  CPU= 4.03,  System= 0.00
    -10      1.519    34.4%           10.80s  Real= 0.27,  CPU= 4.04,  System= 0.00
     -9      1.894    36.1%           10.53s  Real= 0.27,  CPU= 4.08,  System= 0.00
     -8      2.269    37.7%           10.26s  Real= 0.27,  CPU= 4.06,  System= 0.00
     -7      2.644    39.3%            9.99s  Real= 0.27,  CPU= 4.09,  System= 0.00
     -6      3.019    41.0%           10.08s  Real= 0.28,  CPU= 4.13,  System= 0.00
     -5      3.394    42.6%            9.80s  Real= 0.28,  CPU= 4.20,  System= 0.00
     -4      3.769    44.3%            9.52s  Real= 0.28,  CPU= 4.20,  System= 0.00
     -3      4.144    45.9%            9.24s  Real= 0.28,  CPU= 4.21,  System= 0.00
     -2      4.519    47.5%            8.96s  Real= 0.28,  CPU= 4.21,  System= 0.00
     -1      4.894    49.2%            8.68s  Real= 0.28,  CPU= 4.22,  System= 0.00
      0      5.269    50.8%            8.10s  Real= 0.27,  CPU= 3.99,  System= 0.00
      1      5.644    52.5%            7.54s  Real= 0.26,  CPU= 3.85,  System= 0.00
      2      6.019    54.1%            7.28s  Real= 0.26,  CPU= 3.93,  System= 0.00
      3      6.394    55.7%            7.02s  Real= 0.26,  CPU= 3.97,  System= 0.00
      4      6.769    57.4%            7.02s  Real= 0.27,  CPU= 4.02,  System= 0.01
      5      7.144    59.0%            6.75s  Real= 0.27,  CPU= 4.03,  System= 0.01
      6      7.519    60.7%            6.48s  Real= 0.27,  CPU= 4.04,  System= 0.01
      7      7.894    62.3%            6.44s  Real= 0.28,  CPU= 4.15,  System= 0.01
      8      8.269    63.9%            5.94s  Real= 0.27,  CPU= 4.08,  System= 0.01
      9      8.644    65.6%            5.88s  Real= 0.28,  CPU= 4.15,  System= 0.01
     10      9.019    67.2%            5.40s  Real= 0.27,  CPU= 4.17,  System= 0.01
     11      9.394    68.9%            5.32s  Real= 0.28,  CPU= 4.20,  System= 0.01
     12      9.769    70.5%            5.04s  Real= 0.28,  CPU= 4.20,  System= 0.01
     13     10.144    72.1%            4.76s  Real= 0.28,  CPU= 4.21,  System= 0.01
     14     10.519    73.8%            4.48s  Real= 0.28,  CPU= 4.21,  System= 0.01
     15     10.894    75.4%            4.05s  Real= 0.27,  CPU= 4.00,  System= 0.01
     16     11.269    77.0%            3.64s  Real= 0.26,  CPU= 3.86,  System= 0.01
     17     11.644    78.7%            3.51s  Real= 0.27,  CPU= 3.92,  System= 0.01
     18     12.019    80.3%            3.24s  Real= 0.27,  CPU= 3.96,  System= 0.01
     19     12.394    82.0%            2.97s  Real= 0.27,  CPU= 3.94,  System= 0.00
     20     12.769    83.6%            2.70s  Real= 0.27,  CPU= 3.94,  System= 0.00
     21     13.144    85.2%            2.43s  Real= 0.27,  CPU= 3.89,  System= 0.00
     22     13.519    86.9%            2.16s  Real= 0.27,  CPU= 3.91,  System= 0.00
     23     13.894    88.5%            1.89s  Real= 0.27,  CPU= 3.95,  System= 0.00
     24     14.269    90.2%            1.62s  Real= 0.27,  CPU= 3.86,  System= 0.00
     25     14.644    91.8%            1.40s  Real= 0.28,  CPU= 3.80,  System= 0.00
     26     15.019    93.4%            1.12s  Real= 0.28,  CPU= 3.77,  System= 0.00
     27     15.394    95.1%            0.84s  Real= 0.28,  CPU= 3.75,  System= 0.00
     28     15.769    96.7%            0.56s  Real= 0.28,  CPU= 3.75,  System= 0.00
     29     16.144    98.4%            0.28s  Real= 0.28,  CPU= 3.74,  System= 0.00
     30     16.519   100.0%            0.00s  Real= 0.25,  CPU= 1.84,  System= 0.00

Grid	Atom	Minimum   	Maximum
Map 	Type	Energy    	Energy 
		(kcal/mol)	(kcal/mol)
____	____	_____________	_____________
 1	 A	   -0.83	 2.02e+05
 2	 C	   -0.92	 2.02e+05
 3	 HD	   -0.74	 1.08e+05
 4	 N	   -1.03	 2.00e+05
 5	 e	  -39.03	 3.32e+01	Electrostatic Potential
 6	 d	    0.01	 1.58e+00	Desolvation Potential


 * Note:  Every pairwise-atomic interaction was clamped at 100000.00


autogrid4: Successful Completion.
Real= 1.30s,  CPU= 16.95s,  System= 0.02s
