
       _______________________________________________________

__________//____________________________/////_________________/________
_________/__/____________/_____________/______________/_______/________
________/____/___________/_____________/______________________/________
________/____/__/_____/_/////___/////__/__////_/_///__/__////_/________
_______/______/_/_____/__/_____/_____/_/_____/_//___/_/_/____//________
_______////////_/_____/__/_____/_____/_/_____/_/______/_/_____/________
_______/______/_/____//__/___/_/_____/_/_____/_/______/_/____//________
_______/______/__////_/___///___/////___/////__/______/__////_/________

       _______________________________________________________

                                ______
                               /      \
                              /        \
                             /          \
                             \    /\    /
                              \  /  \  /
                               \/ /\ \/
                                 /  \
                                /____\


                ______________________________________ 
               |                                      |
               |            AutoGrid 4.2.7.x          |
               |                                      |
               |        Garrett M. Morris, TSRI       |
               |            Ruth Huey, TSRI           |
               |        David S. Goodsell, TSRI       |
               |         Arthur J. Olson, TSRI        |
               |                                      |
               |        (C) 1989-2020, TSRI           |
               |   The Scripps Research Institute     |
               |______________________________________|

                ______________________________________ 
               |                                      |
               | Calculation of van der Waals, H-Bond,|
               |   Electrostatic Potential Energy, &  |
               |   Desolvation Free Energy Grid Maps  |
               |             for AutoDock             |
               | For help, email autodock@scripps.edu |
               |______________________________________|




                           $Revision: 1.160 $
Compilation parameters:  NUM_RECEPTOR_TYPES=20 NEINT=1024
  AG_MAX_ATOMS=100000  AG_MAX_NBONDS=4 MAX_MAPS=128 NDIEL=8192 MAX_ATOM_TYPES=126
        e_vdW_Hb table allows    15876 entries of size 1024
Maximum number of maps that can be computed = 128 (defined by MAX_MAPS in "autocomm.h").
  Non-bond cutoff for internal energy calculation (SOFTNBC): 8.00
  Optimize internal energy scoring (USE_8A_NBCUTOFF):  yes
  Faster search for nearby atoms (USE_BHTREE):  no
  Run calculations in parallel if possible (_OPENMP):  yes
  Maximum number of parallel threads (MAXTHREADS): 32
This file was created at:			9:48 41" a.m., 05/29/2025
                   using:			"unknown_host"


GPF> npts 60 60 60                        # num.grid points in xyz

Number of grid points in x-direction:	61
Number of grid points in y-direction:	61
Number of grid points in z-direction:	61

GPF> gridfld receptor.maps.fld            # grid_data_file

Creating (AVS-readable) grid maps file : receptor.maps.fld

Creating (AVS-readable) grid-coordinates extrema file : receptor.maps.xyz

GPF> spacing 0.375                        # spacing(A)
Grid Spacing :			0.375 Angstrom

GPF> receptor_types A C H OA N SA HD      # receptor atom types
GPF> ligand_types A C OA HD N             # ligand atom types
0 'A' ->'A' vdW/Hb/cov
1 'C' ->'C' vdW/Hb/cov
2 'OA' ->'OA' vdW/Hb/cov
3 'HD' ->'HD' vdW/Hb/cov
4 'N' ->'N' vdW/Hb/cov
Allocated space for 7 gridmap objects
16 CPU threads will be used for calculation

Atom type names for ligand atom types 1-5 used for ligand-atom affinity grid maps:

			Atom type number 1 corresponds to atom type name "A".
			Atom type number 2 corresponds to atom type name "C".
			Atom type number 3 corresponds to atom type name "OA".
			Atom type number 4 corresponds to atom type name "HD".
			Atom type number 5 corresponds to atom type name "N".


GPF> receptor receptor.pdbqt              # macromolecule

Receptor Input File :	receptor.pdbqt

Receptor Atom Type Assignments:


Maximum partial atomic charge found = +0.665 e
Minimum partial atomic charge found = -0.648 e

Atom	Atom	Number of this Type
Type	 ID 	 in Receptor
____	____	___________________
 0	 A		   163
 1	 C		  1309
 2	 H		  1822
 3	 OA		   429
 4	 N		   401
 5	 SA		    17
 6	 HD		   521

Total number of atoms :		4662 atoms 
Total charge :			-1.83 e


Receptor coordinates fit within the following volume:

                   _______(42.3, 25.6, 37.3)
                  /|     /|
                 / |    / |
                /______/  |
                |  |___|__| Midpoint = (10.8, -1.3, 13.6)
                |  /   |  /
                | /    | /
                |/_____|/
(-20.6, -28.2, -10.2)      

Maximum coordinates :		(42.302, 25.562, 37.290)
Minimum coordinates :		(-20.603, -28.188, -10.189)


GPF> gridcenter 6.183 3.043 18.533        # xyz-coordinates or auto

Grid maps will be centered on user-defined coordinates:

		(6.183, 3.043, 18.533)

Grid maps will cover the following volume:

                   _______(17.4, 14.3, 29.8)
                  /|     /|
                 / |    / |
                /______/  |
                |  |___|__| Midpoint = (6.2, 3.0, 18.5)
                |  /   |  /
                | /    | /
                |/_____|/
(-5.1, -8.2, 7.3)      

Grid map x-dimension :		22.5 Angstroms
Grid map y-dimension :		22.5 Angstroms
Grid map z-dimension :		22.5 Angstroms

Maximum coordinates :		(17.433, 14.293, 29.783)
Minimum coordinates :		(-5.067, -8.207, 7.283)

GPF> smooth 0.5                           # store minimum energy w/in rad(A)

Potentials will be smoothed by: 0.500 Angstrom

GPF> map receptor.A.map                   # atom-specific affinity map

Output Grid Map 1:   receptor.A.map

GPF> map receptor.C.map                   # atom-specific affinity map

Output Grid Map 2:   receptor.C.map

GPF> map receptor.OA.map                  # atom-specific affinity map

Output Grid Map 3:   receptor.OA.map

GPF> map receptor.HD.map                  # atom-specific affinity map

Output Grid Map 4:   receptor.HD.map

GPF> map receptor.N.map                   # atom-specific affinity map

Output Grid Map 5:   receptor.N.map

GPF> elecmap receptor.e.map               # electrostatic potential map

Output Electrostatic Potential Energy Grid Map: receptor.e.map

GPF> dsolvmap receptor.d.map              # desolvation potential map

Output Desolvation Free Energy Grid Map: receptor.d.map

GPF> dielectric -0.1465                   # <0, AD4 distance-dep.diel;>0, constant

Using *distance-dependent* dielectric function of Mehler and Solmajer, Prot.Eng.4, 903-910.


>>> Closing the grid parameter file (GPF)... <<<

________________________________________________________________________________



No Floating Grid was requested.


No Constriction Grid was requested.


Calculating Pairwise Interaction Energies
Beginning grid calculations.

Calculating 7 grids over 226981 elements, around 4662 receptor atoms.

                    Percent   Estimated Time  Time/this plane
XY-plane  Z-coord   Done      Remaining       Real, User, System
            /Ang              /sec            /sec
________  ________  ________  ______________  __________________________

    -30      7.283     1.6%           15.60s  Real= 0.26,  CPU= 4.14,  System= 0.01
    -29      7.658     3.3%           15.34s  Real= 0.26,  CPU= 4.16,  System= 0.01
    -28      8.033     4.9%           15.66s  Real= 0.27,  CPU= 4.28,  System= 0.01
    -27      8.408     6.6%           15.39s  Real= 0.27,  CPU= 4.28,  System= 0.01
    -26      8.783     8.2%           15.68s  Real= 0.28,  CPU= 4.36,  System= 0.01
    -25      9.158     9.8%           15.40s  Real= 0.28,  CPU= 4.39,  System= 0.01
    -24      9.533    11.5%           15.12s  Real= 0.28,  CPU= 4.40,  System= 0.01
    -23      9.908    13.1%           14.84s  Real= 0.28,  CPU= 4.42,  System= 0.01
    -22     10.283    14.8%           14.56s  Real= 0.28,  CPU= 4.42,  System= 0.01
    -21     10.658    16.4%           14.28s  Real= 0.28,  CPU= 4.42,  System= 0.01
    -20     11.033    18.0%           14.50s  Real= 0.29,  CPU= 4.51,  System= 0.01
    -19     11.408    19.7%           14.21s  Real= 0.29,  CPU= 4.54,  System= 0.01
    -18     11.783    21.3%           13.92s  Real= 0.29,  CPU= 4.55,  System= 0.01
    -17     12.158    23.0%           13.63s  Real= 0.29,  CPU= 4.58,  System= 0.01
    -16     12.533    24.6%           13.34s  Real= 0.29,  CPU= 4.60,  System= 0.01
    -15     12.908    26.2%           13.05s  Real= 0.29,  CPU= 4.60,  System= 0.01
    -14     13.283    27.9%           11.44s  Real= 0.26,  CPU= 3.86,  System= 0.00
    -13     13.658    29.5%           11.61s  Real= 0.27,  CPU= 3.98,  System= 0.00
    -12     14.033    31.1%           11.34s  Real= 0.27,  CPU= 4.04,  System= 0.00
    -11     14.408    32.8%           11.07s  Real= 0.27,  CPU= 4.11,  System= 0.00
    -10     14.783    34.4%           11.20s  Real= 0.28,  CPU= 4.12,  System= 0.00
     -9     15.158    36.1%           10.92s  Real= 0.28,  CPU= 4.10,  System= 0.00
     -8     15.533    37.7%           10.64s  Real= 0.28,  CPU= 4.11,  System= 0.00
     -7     15.908    39.3%           10.36s  Real= 0.28,  CPU= 4.14,  System= 0.00
     -6     16.283    41.0%           10.08s  Real= 0.28,  CPU= 4.20,  System= 0.00
     -5     16.658    42.6%            9.80s  Real= 0.28,  CPU= 4.21,  System= 0.00
     -4     17.033    44.3%            9.86s  Real= 0.29,  CPU= 4.29,  System= 0.00
     -3     17.408    45.9%            9.57s  Real= 0.29,  CPU= 4.28,  System= 0.00
     -2     17.783    47.5%            9.28s  Real= 0.29,  CPU= 4.31,  System= 0.00
     -1     18.158    49.2%            8.99s  Real= 0.29,  CPU= 4.30,  System= 0.00
      0     18.533    50.8%            8.70s  Real= 0.29,  CPU= 4.32,  System= 0.00
      1     18.908    52.5%            7.54s  Real= 0.26,  CPU= 3.88,  System= 0.01
      2     19.283    54.1%            7.56s  Real= 0.27,  CPU= 3.99,  System= 0.01
      3     19.658    55.7%            7.29s  Real= 0.27,  CPU= 4.04,  System= 0.01
      4     20.033    57.4%            7.28s  Real= 0.28,  CPU= 4.12,  System= 0.01
      5     20.408    59.0%            6.75s  Real= 0.27,  CPU= 4.11,  System= 0.01
      6     20.783    60.7%            6.48s  Real= 0.27,  CPU= 4.13,  System= 0.01
      7     21.158    62.3%            6.21s  Real= 0.27,  CPU= 4.13,  System= 0.01
      8     21.533    63.9%            6.16s  Real= 0.28,  CPU= 4.15,  System= 0.01
      9     21.908    65.6%            5.88s  Real= 0.28,  CPU= 4.16,  System= 0.01
     10     22.283    67.2%            5.60s  Real= 0.28,  CPU= 4.23,  System= 0.01
     11     22.658    68.9%            5.32s  Real= 0.28,  CPU= 4.30,  System= 0.01
     12     23.033    70.5%            5.04s  Real= 0.28,  CPU= 4.30,  System= 0.01
     13     23.408    72.1%            4.93s  Real= 0.29,  CPU= 4.33,  System= 0.01
     14     23.783    73.8%            4.64s  Real= 0.29,  CPU= 4.35,  System= 0.01
     15     24.158    75.4%            4.35s  Real= 0.29,  CPU= 4.33,  System= 0.01
     16     24.533    77.0%            3.78s  Real= 0.27,  CPU= 3.97,  System= 0.00
     17     24.908    78.7%            3.38s  Real= 0.26,  CPU= 3.95,  System= 0.01
     18     25.283    80.3%            3.36s  Real= 0.28,  CPU= 4.01,  System= 0.01
     19     25.658    82.0%            3.08s  Real= 0.28,  CPU= 3.98,  System= 0.01
     20     26.033    83.6%            2.80s  Real= 0.28,  CPU= 4.03,  System= 0.01
     21     26.408    85.2%            2.52s  Real= 0.28,  CPU= 4.00,  System= 0.01
     22     26.783    86.9%            2.24s  Real= 0.28,  CPU= 4.00,  System= 0.01
     23     27.158    88.5%            1.89s  Real= 0.27,  CPU= 3.96,  System= 0.01
     24     27.533    90.2%            1.68s  Real= 0.28,  CPU= 4.03,  System= 0.01
     25     27.908    91.8%            1.40s  Real= 0.28,  CPU= 3.89,  System= 0.01
     26     28.283    93.4%            1.16s  Real= 0.29,  CPU= 3.79,  System= 0.01
     27     28.658    95.1%            0.87s  Real= 0.29,  CPU= 3.80,  System= 0.01
     28     29.033    96.7%            0.58s  Real= 0.29,  CPU= 3.73,  System= 0.01
     29     29.408    98.4%            0.29s  Real= 0.29,  CPU= 3.71,  System= 0.01
     30     29.783   100.0%            0.00s  Real= 0.29,  CPU= 3.71,  System= 0.01

Grid	Atom	Minimum   	Maximum
Map 	Type	Energy    	Energy 
		(kcal/mol)	(kcal/mol)
____	____	_____________	_____________
 1	 A	   -0.88	 2.02e+05
 2	 C	   -1.00	 2.02e+05
 3	 OA	   -1.66	 2.00e+05
 4	 HD	   -0.73	 1.08e+05
 5	 N	   -1.11	 2.00e+05
 6	 e	  -36.47	 3.37e+01	Electrostatic Potential
 7	 d	    0.05	 1.52e+00	Desolvation Potential


 * Note:  Every pairwise-atomic interaction was clamped at 100000.00


autogrid4: Successful Completion.
Real= 1.23s,  CPU= 17.38s,  System= 0.04s
