
       _______________________________________________________

__________//____________________________/////_________________/________
_________/__/____________/_____________/______________/_______/________
________/____/___________/_____________/______________________/________
________/____/__/_____/_/////___/////__/__////_/_///__/__////_/________
_______/______/_/_____/__/_____/_____/_/_____/_//___/_/_/____//________
_______////////_/_____/__/_____/_____/_/_____/_/______/_/_____/________
_______/______/_/____//__/___/_/_____/_/_____/_/______/_/____//________
_______/______/__////_/___///___/////___/////__/______/__////_/________

       _______________________________________________________

                                ______
                               /      \
                              /        \
                             /          \
                             \    /\    /
                              \  /  \  /
                               \/ /\ \/
                                 /  \
                                /____\


                ______________________________________ 
               |                                      |
               |            AutoGrid 4.2.7.x          |
               |                                      |
               |        Garrett M. Morris, TSRI       |
               |            Ruth Huey, TSRI           |
               |        David S. Goodsell, TSRI       |
               |         Arthur J. Olson, TSRI        |
               |                                      |
               |        (C) 1989-2020, TSRI           |
               |   The Scripps Research Institute     |
               |______________________________________|

                ______________________________________ 
               |                                      |
               | Calculation of van der Waals, H-Bond,|
               |   Electrostatic Potential Energy, &  |
               |   Desolvation Free Energy Grid Maps  |
               |             for AutoDock             |
               | For help, email autodock@scripps.edu |
               |______________________________________|




                           $Revision: 1.160 $
Compilation parameters:  NUM_RECEPTOR_TYPES=20 NEINT=1024
  AG_MAX_ATOMS=100000  AG_MAX_NBONDS=4 MAX_MAPS=128 NDIEL=8192 MAX_ATOM_TYPES=126
        e_vdW_Hb table allows    15876 entries of size 1024
Maximum number of maps that can be computed = 128 (defined by MAX_MAPS in "autocomm.h").
  Non-bond cutoff for internal energy calculation (SOFTNBC): 8.00
  Optimize internal energy scoring (USE_8A_NBCUTOFF):  yes
  Faster search for nearby atoms (USE_BHTREE):  no
  Run calculations in parallel if possible (_OPENMP):  yes
  Maximum number of parallel threads (MAXTHREADS): 32
This file was created at:			9:49 11" a.m., 05/29/2025
                   using:			"unknown_host"


GPF> npts 60 60 60                        # num.grid points in xyz

Number of grid points in x-direction:	61
Number of grid points in y-direction:	61
Number of grid points in z-direction:	61

GPF> gridfld receptor.maps.fld            # grid_data_file

Creating (AVS-readable) grid maps file : receptor.maps.fld

Creating (AVS-readable) grid-coordinates extrema file : receptor.maps.xyz

GPF> spacing 0.375                        # spacing(A)
Grid Spacing :			0.375 Angstrom

GPF> receptor_types A C H OA N SA HD      # receptor atom types
GPF> ligand_types A C Cl OA N HD          # ligand atom types
0 'A' ->'A' vdW/Hb/cov
1 'C' ->'C' vdW/Hb/cov
2 'Cl' ->'Cl' vdW/Hb/cov
3 'OA' ->'OA' vdW/Hb/cov
4 'N' ->'N' vdW/Hb/cov
5 'HD' ->'HD' vdW/Hb/cov
Allocated space for 8 gridmap objects
16 CPU threads will be used for calculation

Atom type names for ligand atom types 1-6 used for ligand-atom affinity grid maps:

			Atom type number 1 corresponds to atom type name "A".
			Atom type number 2 corresponds to atom type name "C".
			Atom type number 3 corresponds to atom type name "Cl".
			Atom type number 4 corresponds to atom type name "OA".
			Atom type number 5 corresponds to atom type name "N".
			Atom type number 6 corresponds to atom type name "HD".


GPF> receptor receptor.pdbqt              # macromolecule

Receptor Input File :	receptor.pdbqt

Receptor Atom Type Assignments:


Maximum partial atomic charge found = +0.665 e
Minimum partial atomic charge found = -0.648 e

Atom	Atom	Number of this Type
Type	 ID 	 in Receptor
____	____	___________________
 0	 A		   160
 1	 C		  1097
 2	 H		  1545
 3	 OA		   361
 4	 N		   350
 5	 SA		    11
 6	 HD		   454

Total number of atoms :		3978 atoms 
Total charge :			2.14 e


Receptor coordinates fit within the following volume:

                   _______(24.7, 76.0, 50.7)
                  /|     /|
                 / |    / |
                /______/  |
                |  |___|__| Midpoint = (3.2, 46.8, 26.9)
                |  /   |  /
                | /    | /
                |/_____|/
(-18.3, 17.6, 3.2)      

Maximum coordinates :		(24.737, 76.031, 50.661)
Minimum coordinates :		(-18.336, 17.560, 3.195)


GPF> gridcenter 4.367 54.098 24.607       # xyz-coordinates or auto

Grid maps will be centered on user-defined coordinates:

		(4.367, 54.098, 24.607)

Grid maps will cover the following volume:

                   _______(15.6, 65.3, 35.9)
                  /|     /|
                 / |    / |
                /______/  |
                |  |___|__| Midpoint = (4.4, 54.1, 24.6)
                |  /   |  /
                | /    | /
                |/_____|/
(-6.9, 42.8, 13.4)      

Grid map x-dimension :		22.5 Angstroms
Grid map y-dimension :		22.5 Angstroms
Grid map z-dimension :		22.5 Angstroms

Maximum coordinates :		(15.617, 65.348, 35.857)
Minimum coordinates :		(-6.883, 42.848, 13.357)

GPF> smooth 0.5                           # store minimum energy w/in rad(A)

Potentials will be smoothed by: 0.500 Angstrom

GPF> map receptor.A.map                   # atom-specific affinity map

Output Grid Map 1:   receptor.A.map

GPF> map receptor.C.map                   # atom-specific affinity map

Output Grid Map 2:   receptor.C.map

GPF> map receptor.Cl.map                  # atom-specific affinity map

Output Grid Map 3:   receptor.Cl.map

GPF> map receptor.OA.map                  # atom-specific affinity map

Output Grid Map 4:   receptor.OA.map

GPF> map receptor.N.map                   # atom-specific affinity map

Output Grid Map 5:   receptor.N.map

GPF> map receptor.HD.map                  # atom-specific affinity map

Output Grid Map 6:   receptor.HD.map

GPF> elecmap receptor.e.map               # electrostatic potential map

Output Electrostatic Potential Energy Grid Map: receptor.e.map

GPF> dsolvmap receptor.d.map              # desolvation potential map

Output Desolvation Free Energy Grid Map: receptor.d.map

GPF> dielectric -0.1465                   # <0, AD4 distance-dep.diel;>0, constant

Using *distance-dependent* dielectric function of Mehler and Solmajer, Prot.Eng.4, 903-910.


>>> Closing the grid parameter file (GPF)... <<<

________________________________________________________________________________



No Floating Grid was requested.


No Constriction Grid was requested.


Calculating Pairwise Interaction Energies
Beginning grid calculations.

Calculating 8 grids over 226981 elements, around 3978 receptor atoms.

                    Percent   Estimated Time  Time/this plane
XY-plane  Z-coord   Done      Remaining       Real, User, System
            /Ang              /sec            /sec
________  ________  ________  ______________  __________________________

    -30     13.357     1.6%           12.60s  Real= 0.21,  CPU= 3.32,  System= 0.00
    -29     13.732     3.3%           12.98s  Real= 0.22,  CPU= 3.43,  System= 0.00
    -28     14.107     4.9%           12.76s  Real= 0.22,  CPU= 3.45,  System= 0.00
    -27     14.482     6.6%           12.54s  Real= 0.22,  CPU= 3.54,  System= 0.00
    -26     14.857     8.2%           12.32s  Real= 0.22,  CPU= 3.54,  System= 0.00
    -25     15.232     9.8%           12.65s  Real= 0.23,  CPU= 3.65,  System= 0.00
    -24     15.607    11.5%           12.42s  Real= 0.23,  CPU= 3.67,  System= 0.00
    -23     15.982    13.1%           12.19s  Real= 0.23,  CPU= 3.72,  System= 0.00
    -22     16.357    14.8%           12.48s  Real= 0.24,  CPU= 3.75,  System= 0.00
    -21     16.732    16.4%           12.24s  Real= 0.24,  CPU= 3.75,  System= 0.00
    -20     17.107    18.0%           12.00s  Real= 0.24,  CPU= 3.77,  System= 0.00
    -19     17.482    19.7%           11.76s  Real= 0.24,  CPU= 3.84,  System= 0.00
    -18     17.857    21.3%           12.00s  Real= 0.25,  CPU= 3.90,  System= 0.00
    -17     18.232    23.0%           11.75s  Real= 0.25,  CPU= 3.90,  System= 0.00
    -16     18.607    24.6%           11.50s  Real= 0.25,  CPU= 3.92,  System= 0.00
    -15     18.982    26.2%           11.70s  Real= 0.26,  CPU= 4.14,  System= 0.00
    -14     19.357    27.9%            9.24s  Real= 0.21,  CPU= 3.17,  System= 0.01
    -13     19.732    29.5%            9.03s  Real= 0.21,  CPU= 3.25,  System= 0.01
    -12     20.107    31.1%            8.82s  Real= 0.21,  CPU= 3.27,  System= 0.01
    -11     20.482    32.8%            9.43s  Real= 0.23,  CPU= 3.35,  System= 0.01
    -10     20.857    34.4%            9.20s  Real= 0.23,  CPU= 3.37,  System= 0.01
     -9     21.232    36.1%            8.97s  Real= 0.23,  CPU= 3.46,  System= 0.01
     -8     21.607    37.7%            8.74s  Real= 0.23,  CPU= 3.44,  System= 0.01
     -7     21.982    39.3%            8.51s  Real= 0.23,  CPU= 3.51,  System= 0.01
     -6     22.357    41.0%            8.28s  Real= 0.23,  CPU= 3.52,  System= 0.01
     -5     22.732    42.6%            8.05s  Real= 0.23,  CPU= 3.56,  System= 0.01
     -4     23.107    44.3%            8.16s  Real= 0.24,  CPU= 3.64,  System= 0.01
     -3     23.482    45.9%            7.92s  Real= 0.24,  CPU= 3.67,  System= 0.01
     -2     23.857    47.5%            7.68s  Real= 0.24,  CPU= 3.68,  System= 0.01
     -1     24.232    49.2%            7.44s  Real= 0.24,  CPU= 3.69,  System= 0.01
      0     24.607    50.8%            6.90s  Real= 0.23,  CPU= 3.49,  System= 0.01
      1     24.982    52.5%            6.09s  Real= 0.21,  CPU= 3.16,  System= 0.00
      2     25.357    54.1%            6.16s  Real= 0.22,  CPU= 3.26,  System= 0.00
      3     25.732    55.7%            5.94s  Real= 0.22,  CPU= 3.28,  System= 0.00
      4     26.107    57.4%            5.72s  Real= 0.22,  CPU= 3.37,  System= 0.00
      5     26.482    59.0%            5.50s  Real= 0.22,  CPU= 3.38,  System= 0.00
      6     26.857    60.7%            5.52s  Real= 0.23,  CPU= 3.47,  System= 0.00
      7     27.232    62.3%            5.29s  Real= 0.23,  CPU= 3.50,  System= 0.00
      8     27.607    63.9%            5.28s  Real= 0.24,  CPU= 3.53,  System= 0.00
      9     27.982    65.6%            5.04s  Real= 0.24,  CPU= 3.52,  System= 0.00
     10     28.357    67.2%            4.80s  Real= 0.24,  CPU= 3.58,  System= 0.00
     11     28.732    68.9%            4.75s  Real= 0.25,  CPU= 3.65,  System= 0.00
     12     29.107    70.5%            4.32s  Real= 0.24,  CPU= 3.50,  System= 0.00
     13     29.482    72.1%            4.25s  Real= 0.25,  CPU= 3.68,  System= 0.00
     14     29.857    73.8%            4.00s  Real= 0.25,  CPU= 3.70,  System= 0.00
     15     30.232    75.4%            3.75s  Real= 0.25,  CPU= 3.70,  System= 0.00
     16     30.607    77.0%            2.94s  Real= 0.21,  CPU= 3.19,  System= 0.01
     17     30.982    78.7%            2.86s  Real= 0.22,  CPU= 3.26,  System= 0.01
     18     31.357    80.3%            2.64s  Real= 0.22,  CPU= 3.25,  System= 0.01
     19     31.732    82.0%            2.53s  Real= 0.23,  CPU= 3.28,  System= 0.01
     20     32.107    83.6%            2.30s  Real= 0.23,  CPU= 3.27,  System= 0.01
     21     32.482    85.2%            2.07s  Real= 0.23,  CPU= 3.25,  System= 0.01
     22     32.857    86.9%            1.84s  Real= 0.23,  CPU= 3.22,  System= 0.01
     23     33.232    88.5%            1.61s  Real= 0.23,  CPU= 3.17,  System= 0.01
     24     33.607    90.2%            1.38s  Real= 0.23,  CPU= 3.17,  System= 0.01
     25     33.982    91.8%            1.20s  Real= 0.24,  CPU= 3.13,  System= 0.01
     26     34.357    93.4%            0.92s  Real= 0.23,  CPU= 2.96,  System= 0.01
     27     34.732    95.1%            0.72s  Real= 0.24,  CPU= 3.00,  System= 0.01
     28     35.107    96.7%            0.48s  Real= 0.24,  CPU= 2.91,  System= 0.01
     29     35.482    98.4%            0.24s  Real= 0.24,  CPU= 2.89,  System= 0.01
     30     35.857   100.0%            0.00s  Real= 0.24,  CPU= 2.87,  System= 0.01

Grid	Atom	Minimum   	Maximum
Map 	Type	Energy    	Energy 
		(kcal/mol)	(kcal/mol)
____	____	_____________	_____________
 1	 A	   -0.74	 2.02e+05
 2	 C	   -0.83	 2.02e+05
 3	 Cl	   -1.12	 2.04e+05
 4	 OA	   -1.74	 2.00e+05
 5	 N	   -1.03	 2.00e+05
 6	 HD	   -0.73	 1.09e+05
 7	 e	  -40.97	 1.90e+01	Electrostatic Potential
 8	 d	    0.00	 1.53e+00	Desolvation Potential


 * Note:  Every pairwise-atomic interaction was clamped at 100000.00


autogrid4: Successful Completion.
Real= 1.07s,  CPU= 14.71s,  System= 0.03s
