
       _______________________________________________________

__________//____________________________/////_________________/________
_________/__/____________/_____________/______________/_______/________
________/____/___________/_____________/______________________/________
________/____/__/_____/_/////___/////__/__////_/_///__/__////_/________
_______/______/_/_____/__/_____/_____/_/_____/_//___/_/_/____//________
_______////////_/_____/__/_____/_____/_/_____/_/______/_/_____/________
_______/______/_/____//__/___/_/_____/_/_____/_/______/_/____//________
_______/______/__////_/___///___/////___/////__/______/__////_/________

       _______________________________________________________

                                ______
                               /      \
                              /        \
                             /          \
                             \    /\    /
                              \  /  \  /
                               \/ /\ \/
                                 /  \
                                /____\


                ______________________________________ 
               |                                      |
               |            AutoGrid 4.2.7.x          |
               |                                      |
               |        Garrett M. Morris, TSRI       |
               |            Ruth Huey, TSRI           |
               |        David S. Goodsell, TSRI       |
               |         Arthur J. Olson, TSRI        |
               |                                      |
               |        (C) 1989-2020, TSRI           |
               |   The Scripps Research Institute     |
               |______________________________________|

                ______________________________________ 
               |                                      |
               | Calculation of van der Waals, H-Bond,|
               |   Electrostatic Potential Energy, &  |
               |   Desolvation Free Energy Grid Maps  |
               |             for AutoDock             |
               | For help, email autodock@scripps.edu |
               |______________________________________|




                           $Revision: 1.160 $
Compilation parameters:  NUM_RECEPTOR_TYPES=20 NEINT=1024
  AG_MAX_ATOMS=100000  AG_MAX_NBONDS=4 MAX_MAPS=128 NDIEL=8192 MAX_ATOM_TYPES=126
        e_vdW_Hb table allows    15876 entries of size 1024
Maximum number of maps that can be computed = 128 (defined by MAX_MAPS in "autocomm.h").
  Non-bond cutoff for internal energy calculation (SOFTNBC): 8.00
  Optimize internal energy scoring (USE_8A_NBCUTOFF):  yes
  Faster search for nearby atoms (USE_BHTREE):  no
  Run calculations in parallel if possible (_OPENMP):  yes
  Maximum number of parallel threads (MAXTHREADS): 32
This file was created at:			9:48 32" a.m., 05/29/2025
                   using:			"unknown_host"


GPF> npts 60 60 60                        # num.grid points in xyz

Number of grid points in x-direction:	61
Number of grid points in y-direction:	61
Number of grid points in z-direction:	61

GPF> gridfld receptor.maps.fld            # grid_data_file

Creating (AVS-readable) grid maps file : receptor.maps.fld

Creating (AVS-readable) grid-coordinates extrema file : receptor.maps.xyz

GPF> spacing 0.375                        # spacing(A)
Grid Spacing :			0.375 Angstrom

GPF> receptor_types A C H OA N SA HD      # receptor atom types
GPF> ligand_types A C OA HD N             # ligand atom types
0 'A' ->'A' vdW/Hb/cov
1 'C' ->'C' vdW/Hb/cov
2 'OA' ->'OA' vdW/Hb/cov
3 'HD' ->'HD' vdW/Hb/cov
4 'N' ->'N' vdW/Hb/cov
Allocated space for 7 gridmap objects
16 CPU threads will be used for calculation

Atom type names for ligand atom types 1-5 used for ligand-atom affinity grid maps:

			Atom type number 1 corresponds to atom type name "A".
			Atom type number 2 corresponds to atom type name "C".
			Atom type number 3 corresponds to atom type name "OA".
			Atom type number 4 corresponds to atom type name "HD".
			Atom type number 5 corresponds to atom type name "N".


GPF> receptor receptor.pdbqt              # macromolecule

Receptor Input File :	receptor.pdbqt

Receptor Atom Type Assignments:


Maximum partial atomic charge found = +0.665 e
Minimum partial atomic charge found = -0.648 e

Atom	Atom	Number of this Type
Type	 ID 	 in Receptor
____	____	___________________
 0	 A		   261
 1	 C		  1431
 2	 H		  2036
 3	 OA		   481
 4	 N		   448
 5	 SA		    14
 6	 HD		   592

Total number of atoms :		5263 atoms 
Total charge :			-0.82 e


Receptor coordinates fit within the following volume:

                   _______(50.8, 6.0, 28.8)
                  /|     /|
                 / |    / |
                /______/  |
                |  |___|__| Midpoint = (17.4, -20.3, 3.8)
                |  /   |  /
                | /    | /
                |/_____|/
(-16.0, -46.6, -21.3)      

Maximum coordinates :		(50.810, 6.040, 28.788)
Minimum coordinates :		(-16.041, -46.600, -21.287)


GPF> gridcenter 22.451 -18.390 8.445      # xyz-coordinates or auto

Grid maps will be centered on user-defined coordinates:

		(22.451, -18.390, 8.445)

Grid maps will cover the following volume:

                   _______(33.7, -7.1, 19.7)
                  /|     /|
                 / |    / |
                /______/  |
                |  |___|__| Midpoint = (22.5, -18.4, 8.4)
                |  /   |  /
                | /    | /
                |/_____|/
(11.2, -29.6, -2.8)      

Grid map x-dimension :		22.5 Angstroms
Grid map y-dimension :		22.5 Angstroms
Grid map z-dimension :		22.5 Angstroms

Maximum coordinates :		(33.701, -7.140, 19.695)
Minimum coordinates :		(11.201, -29.640, -2.805)

GPF> smooth 0.5                           # store minimum energy w/in rad(A)

Potentials will be smoothed by: 0.500 Angstrom

GPF> map receptor.A.map                   # atom-specific affinity map

Output Grid Map 1:   receptor.A.map

GPF> map receptor.C.map                   # atom-specific affinity map

Output Grid Map 2:   receptor.C.map

GPF> map receptor.OA.map                  # atom-specific affinity map

Output Grid Map 3:   receptor.OA.map

GPF> map receptor.HD.map                  # atom-specific affinity map

Output Grid Map 4:   receptor.HD.map

GPF> map receptor.N.map                   # atom-specific affinity map

Output Grid Map 5:   receptor.N.map

GPF> elecmap receptor.e.map               # electrostatic potential map

Output Electrostatic Potential Energy Grid Map: receptor.e.map

GPF> dsolvmap receptor.d.map              # desolvation potential map

Output Desolvation Free Energy Grid Map: receptor.d.map

GPF> dielectric -0.1465                   # <0, AD4 distance-dep.diel;>0, constant

Using *distance-dependent* dielectric function of Mehler and Solmajer, Prot.Eng.4, 903-910.


>>> Closing the grid parameter file (GPF)... <<<

________________________________________________________________________________



No Floating Grid was requested.


No Constriction Grid was requested.


Calculating Pairwise Interaction Energies
Beginning grid calculations.

Calculating 7 grids over 226981 elements, around 5263 receptor atoms.

                    Percent   Estimated Time  Time/this plane
XY-plane  Z-coord   Done      Remaining       Real, User, System
            /Ang              /sec            /sec
________  ________  ________  ______________  __________________________

    -30     -2.805     1.6%           18.00s  Real= 0.30,  CPU= 4.69,  System= 0.00
    -29     -2.430     3.3%           18.29s  Real= 0.31,  CPU= 4.84,  System= 0.00
    -28     -2.055     4.9%           17.98s  Real= 0.31,  CPU= 4.87,  System= 0.00
    -27     -1.680     6.6%           17.67s  Real= 0.31,  CPU= 4.89,  System= 0.00
    -26     -1.305     8.2%           17.36s  Real= 0.31,  CPU= 4.90,  System= 0.00
    -25     -0.930     9.8%           17.05s  Real= 0.31,  CPU= 4.93,  System= 0.00
    -24     -0.555    11.5%           16.74s  Real= 0.31,  CPU= 4.93,  System= 0.00
    -23     -0.180    13.1%           16.43s  Real= 0.31,  CPU= 4.95,  System= 0.00
    -22      0.195    14.8%           16.64s  Real= 0.32,  CPU= 5.04,  System= 0.00
    -21      0.570    16.4%           16.32s  Real= 0.32,  CPU= 5.07,  System= 0.00
    -20      0.945    18.0%           16.00s  Real= 0.32,  CPU= 5.10,  System= 0.00
    -19      1.320    19.7%           15.68s  Real= 0.32,  CPU= 5.10,  System= 0.00
    -18      1.695    21.3%           15.36s  Real= 0.32,  CPU= 5.11,  System= 0.00
    -17      2.070    23.0%           15.51s  Real= 0.33,  CPU= 5.13,  System= 0.00
    -16      2.445    24.6%           15.18s  Real= 0.33,  CPU= 5.14,  System= 0.00
    -15      2.820    26.2%           14.85s  Real= 0.33,  CPU= 5.14,  System= 0.00
    -14      3.195    27.9%           12.76s  Real= 0.29,  CPU= 4.46,  System= 0.01
    -13      3.570    29.5%           12.90s  Real= 0.30,  CPU= 4.54,  System= 0.01
    -12      3.945    31.1%           13.02s  Real= 0.31,  CPU= 4.58,  System= 0.01
    -11      4.320    32.8%           12.71s  Real= 0.31,  CPU= 4.59,  System= 0.01
    -10      4.695    34.4%           12.40s  Real= 0.31,  CPU= 4.62,  System= 0.01
     -9      5.070    36.1%           12.09s  Real= 0.31,  CPU= 4.64,  System= 0.01
     -8      5.445    37.7%           12.16s  Real= 0.32,  CPU= 4.68,  System= 0.01
     -7      5.820    39.3%           11.47s  Real= 0.31,  CPU= 4.58,  System= 0.01
     -6      6.195    41.0%           11.52s  Real= 0.32,  CPU= 4.76,  System= 0.01
     -5      6.570    42.6%           10.85s  Real= 0.31,  CPU= 4.70,  System= 0.01
     -4      6.945    44.3%           10.88s  Real= 0.32,  CPU= 4.79,  System= 0.01
     -3      7.320    45.9%           10.89s  Real= 0.33,  CPU= 4.82,  System= 0.01
     -2      7.695    47.5%           10.56s  Real= 0.33,  CPU= 4.84,  System= 0.01
     -1      8.070    49.2%            9.92s  Real= 0.32,  CPU= 4.83,  System= 0.01
      0      8.445    50.8%            9.60s  Real= 0.32,  CPU= 4.84,  System= 0.01
      1      8.820    52.5%            8.70s  Real= 0.30,  CPU= 4.48,  System= 0.00
      2      9.195    54.1%            8.68s  Real= 0.31,  CPU= 4.58,  System= 0.00
      3      9.570    55.7%            8.10s  Real= 0.30,  CPU= 4.61,  System= 0.00
      4      9.945    57.4%            8.06s  Real= 0.31,  CPU= 4.63,  System= 0.00
      5     10.320    59.0%            7.50s  Real= 0.30,  CPU= 4.55,  System= 0.00
      6     10.695    60.7%            7.44s  Real= 0.31,  CPU= 4.65,  System= 0.00
      7     11.070    62.3%            6.90s  Real= 0.30,  CPU= 4.63,  System= 0.00
      8     11.445    63.9%            7.04s  Real= 0.32,  CPU= 4.67,  System= 0.00
      9     11.820    65.6%            6.72s  Real= 0.32,  CPU= 4.74,  System= 0.00
     10     12.195    67.2%            6.40s  Real= 0.32,  CPU= 4.78,  System= 0.00
     11     12.570    68.9%            6.27s  Real= 0.33,  CPU= 4.81,  System= 0.00
     12     12.945    70.5%            5.76s  Real= 0.32,  CPU= 4.84,  System= 0.00
     13     13.320    72.1%            5.44s  Real= 0.32,  CPU= 4.86,  System= 0.00
     14     13.695    73.8%            5.12s  Real= 0.32,  CPU= 4.84,  System= 0.00
     15     14.070    75.4%            4.80s  Real= 0.32,  CPU= 4.86,  System= 0.00
     16     14.445    77.0%            4.20s  Real= 0.30,  CPU= 4.48,  System= 0.00
     17     14.820    78.7%            3.90s  Real= 0.30,  CPU= 4.55,  System= 0.00
     18     15.195    80.3%            3.60s  Real= 0.30,  CPU= 4.49,  System= 0.00
     19     15.570    82.0%            3.41s  Real= 0.31,  CPU= 4.57,  System= 0.00
     20     15.945    83.6%            3.00s  Real= 0.30,  CPU= 4.58,  System= 0.00
     21     16.320    85.2%            2.79s  Real= 0.31,  CPU= 4.58,  System= 0.00
     22     16.695    86.9%            2.48s  Real= 0.31,  CPU= 4.57,  System= 0.00
     23     17.070    88.5%            2.10s  Real= 0.30,  CPU= 4.55,  System= 0.00
     24     17.445    90.2%            1.86s  Real= 0.31,  CPU= 4.42,  System= 0.00
     25     17.820    91.8%            1.60s  Real= 0.32,  CPU= 4.43,  System= 0.00
     26     18.195    93.4%            1.24s  Real= 0.31,  CPU= 4.38,  System= 0.00
     27     18.570    95.1%            0.96s  Real= 0.32,  CPU= 4.36,  System= 0.00
     28     18.945    96.7%            0.64s  Real= 0.32,  CPU= 4.32,  System= 0.00
     29     19.320    98.4%            0.33s  Real= 0.33,  CPU= 4.31,  System= 0.00
     30     19.695   100.0%            0.00s  Real= 0.33,  CPU= 4.30,  System= 0.00

Grid	Atom	Minimum   	Maximum
Map 	Type	Energy    	Energy 
		(kcal/mol)	(kcal/mol)
____	____	_____________	_____________
 1	 A	   -0.96	 2.01e+05
 2	 C	   -1.07	 2.01e+05
 3	 OA	   -1.74	 2.00e+05
 4	 HD	   -0.72	 1.06e+05
 5	 N	   -1.07	 2.01e+05
 6	 e	  -44.25	 1.88e+01	Electrostatic Potential
 7	 d	    0.13	 1.54e+00	Desolvation Potential


 * Note:  Every pairwise-atomic interaction was clamped at 100000.00


autogrid4: Successful Completion.
Real= 1.38s,  CPU= 19.58s,  System= 0.02s
