
       _______________________________________________________

__________//____________________________/////_________________/________
_________/__/____________/_____________/______________/_______/________
________/____/___________/_____________/______________________/________
________/____/__/_____/_/////___/////__/__////_/_///__/__////_/________
_______/______/_/_____/__/_____/_____/_/_____/_//___/_/_/____//________
_______////////_/_____/__/_____/_____/_/_____/_/______/_/_____/________
_______/______/_/____//__/___/_/_____/_/_____/_/______/_/____//________
_______/______/__////_/___///___/////___/////__/______/__////_/________

       _______________________________________________________

                                ______
                               /      \
                              /        \
                             /          \
                             \    /\    /
                              \  /  \  /
                               \/ /\ \/
                                 /  \
                                /____\


                ______________________________________ 
               |                                      |
               |            AutoGrid 4.2.7.x          |
               |                                      |
               |        Garrett M. Morris, TSRI       |
               |            Ruth Huey, TSRI           |
               |        David S. Goodsell, TSRI       |
               |         Arthur J. Olson, TSRI        |
               |                                      |
               |        (C) 1989-2020, TSRI           |
               |   The Scripps Research Institute     |
               |______________________________________|

                ______________________________________ 
               |                                      |
               | Calculation of van der Waals, H-Bond,|
               |   Electrostatic Potential Energy, &  |
               |   Desolvation Free Energy Grid Maps  |
               |             for AutoDock             |
               | For help, email autodock@scripps.edu |
               |______________________________________|




                           $Revision: 1.160 $
Compilation parameters:  NUM_RECEPTOR_TYPES=20 NEINT=1024
  AG_MAX_ATOMS=100000  AG_MAX_NBONDS=4 MAX_MAPS=128 NDIEL=8192 MAX_ATOM_TYPES=126
        e_vdW_Hb table allows    15876 entries of size 1024
Maximum number of maps that can be computed = 128 (defined by MAX_MAPS in "autocomm.h").
  Non-bond cutoff for internal energy calculation (SOFTNBC): 8.00
  Optimize internal energy scoring (USE_8A_NBCUTOFF):  yes
  Faster search for nearby atoms (USE_BHTREE):  no
  Run calculations in parallel if possible (_OPENMP):  yes
  Maximum number of parallel threads (MAXTHREADS): 32
This file was created at:			9:48 29" a.m., 05/29/2025
                   using:			"unknown_host"


GPF> npts 60 60 60                        # num.grid points in xyz

Number of grid points in x-direction:	61
Number of grid points in y-direction:	61
Number of grid points in z-direction:	61

GPF> gridfld receptor.maps.fld            # grid_data_file

Creating (AVS-readable) grid maps file : receptor.maps.fld

Creating (AVS-readable) grid-coordinates extrema file : receptor.maps.xyz

GPF> spacing 0.375                        # spacing(A)
Grid Spacing :			0.375 Angstrom

GPF> receptor_types A C H OA N SA HD      # receptor atom types
GPF> ligand_types A C Cl HD N             # ligand atom types
0 'A' ->'A' vdW/Hb/cov
1 'C' ->'C' vdW/Hb/cov
2 'Cl' ->'Cl' vdW/Hb/cov
3 'HD' ->'HD' vdW/Hb/cov
4 'N' ->'N' vdW/Hb/cov
Allocated space for 7 gridmap objects
16 CPU threads will be used for calculation

Atom type names for ligand atom types 1-5 used for ligand-atom affinity grid maps:

			Atom type number 1 corresponds to atom type name "A".
			Atom type number 2 corresponds to atom type name "C".
			Atom type number 3 corresponds to atom type name "Cl".
			Atom type number 4 corresponds to atom type name "HD".
			Atom type number 5 corresponds to atom type name "N".


GPF> receptor receptor.pdbqt              # macromolecule

Receptor Input File :	receptor.pdbqt

Receptor Atom Type Assignments:


Maximum partial atomic charge found = +0.665 e
Minimum partial atomic charge found = -0.648 e

Atom	Atom	Number of this Type
Type	 ID 	 in Receptor
____	____	___________________
 0	 A		   270
 1	 C		  1405
 2	 H		  2004
 3	 OA		   475
 4	 N		   441
 5	 SA		    15
 6	 HD		   586

Total number of atoms :		5196 atoms 
Total charge :			0.19 e


Receptor coordinates fit within the following volume:

                   _______(25.9, 23.8, 57.1)
                  /|     /|
                 / |    / |
                /______/  |
                |  |___|__| Midpoint = (1.3, -0.6, 24.6)
                |  /   |  /
                | /    | /
                |/_____|/
(-23.3, -25.1, -7.9)      

Maximum coordinates :		(25.891, 23.807, 57.131)
Minimum coordinates :		(-23.292, -25.088, -7.866)


GPF> gridcenter 5.872 3.160 17.436        # xyz-coordinates or auto

Grid maps will be centered on user-defined coordinates:

		(5.872, 3.160, 17.436)

Grid maps will cover the following volume:

                   _______(17.1, 14.4, 28.7)
                  /|     /|
                 / |    / |
                /______/  |
                |  |___|__| Midpoint = (5.9, 3.2, 17.4)
                |  /   |  /
                | /    | /
                |/_____|/
(-5.4, -8.1, 6.2)      

Grid map x-dimension :		22.5 Angstroms
Grid map y-dimension :		22.5 Angstroms
Grid map z-dimension :		22.5 Angstroms

Maximum coordinates :		(17.122, 14.410, 28.686)
Minimum coordinates :		(-5.378, -8.090, 6.186)

GPF> smooth 0.5                           # store minimum energy w/in rad(A)

Potentials will be smoothed by: 0.500 Angstrom

GPF> map receptor.A.map                   # atom-specific affinity map

Output Grid Map 1:   receptor.A.map

GPF> map receptor.C.map                   # atom-specific affinity map

Output Grid Map 2:   receptor.C.map

GPF> map receptor.Cl.map                  # atom-specific affinity map

Output Grid Map 3:   receptor.Cl.map

GPF> map receptor.HD.map                  # atom-specific affinity map

Output Grid Map 4:   receptor.HD.map

GPF> map receptor.N.map                   # atom-specific affinity map

Output Grid Map 5:   receptor.N.map

GPF> elecmap receptor.e.map               # electrostatic potential map

Output Electrostatic Potential Energy Grid Map: receptor.e.map

GPF> dsolvmap receptor.d.map              # desolvation potential map

Output Desolvation Free Energy Grid Map: receptor.d.map

GPF> dielectric -0.1465                   # <0, AD4 distance-dep.diel;>0, constant

Using *distance-dependent* dielectric function of Mehler and Solmajer, Prot.Eng.4, 903-910.


>>> Closing the grid parameter file (GPF)... <<<

________________________________________________________________________________



No Floating Grid was requested.


No Constriction Grid was requested.


Calculating Pairwise Interaction Energies
Beginning grid calculations.

Calculating 7 grids over 226981 elements, around 5196 receptor atoms.

                    Percent   Estimated Time  Time/this plane
XY-plane  Z-coord   Done      Remaining       Real, User, System
            /Ang              /sec            /sec
________  ________  ________  ______________  __________________________

    -30      6.186     1.6%           17.40s  Real= 0.29,  CPU= 4.65,  System= 0.00
    -29      6.561     3.3%           17.11s  Real= 0.29,  CPU= 4.65,  System= 0.00
    -28      6.936     4.9%           17.40s  Real= 0.30,  CPU= 4.68,  System= 0.00
    -27      7.311     6.6%           17.10s  Real= 0.30,  CPU= 4.69,  System= 0.00
    -26      7.686     8.2%           16.80s  Real= 0.30,  CPU= 4.69,  System= 0.00
    -25      8.061     9.8%           16.50s  Real= 0.30,  CPU= 4.69,  System= 0.00
    -24      8.436    11.5%           16.20s  Real= 0.30,  CPU= 4.71,  System= 0.00
    -23      8.811    13.1%           15.90s  Real= 0.30,  CPU= 4.79,  System= 0.00
    -22      9.186    14.8%           15.60s  Real= 0.30,  CPU= 4.82,  System= 0.00
    -21      9.561    16.4%           15.81s  Real= 0.31,  CPU= 4.83,  System= 0.00
    -20      9.936    18.0%           15.50s  Real= 0.31,  CPU= 4.85,  System= 0.00
    -19     10.311    19.7%           15.19s  Real= 0.31,  CPU= 4.86,  System= 0.00
    -18     10.686    21.3%           14.88s  Real= 0.31,  CPU= 4.86,  System= 0.00
    -17     11.061    23.0%           14.57s  Real= 0.31,  CPU= 4.91,  System= 0.00
    -16     11.436    24.6%           14.26s  Real= 0.31,  CPU= 4.92,  System= 0.00
    -15     11.811    26.2%           13.95s  Real= 0.31,  CPU= 4.94,  System= 0.00
    -14     12.186    27.9%           12.76s  Real= 0.29,  CPU= 4.35,  System= 0.00
    -13     12.561    29.5%           12.47s  Real= 0.29,  CPU= 4.35,  System= 0.00
    -12     12.936    31.1%           12.18s  Real= 0.29,  CPU= 4.38,  System= 0.00
    -11     13.311    32.8%           11.89s  Real= 0.29,  CPU= 4.40,  System= 0.00
    -10     13.686    34.4%           11.60s  Real= 0.29,  CPU= 4.41,  System= 0.00
     -9     14.061    36.1%           10.92s  Real= 0.28,  CPU= 4.27,  System= 0.00
     -8     14.436    37.7%           11.02s  Real= 0.29,  CPU= 4.33,  System= 0.00
     -7     14.811    39.3%           10.73s  Real= 0.29,  CPU= 4.45,  System= 0.00
     -6     15.186    41.0%           10.80s  Real= 0.30,  CPU= 4.52,  System= 0.00
     -5     15.561    42.6%           10.50s  Real= 0.30,  CPU= 4.56,  System= 0.00
     -4     15.936    44.3%           10.20s  Real= 0.30,  CPU= 4.57,  System= 0.00
     -3     16.311    45.9%            9.90s  Real= 0.30,  CPU= 4.60,  System= 0.00
     -2     16.686    47.5%            9.92s  Real= 0.31,  CPU= 4.62,  System= 0.00
     -1     17.061    49.2%            9.61s  Real= 0.31,  CPU= 4.62,  System= 0.00
      0     17.436    50.8%            9.30s  Real= 0.31,  CPU= 4.62,  System= 0.00
      1     17.811    52.5%            8.41s  Real= 0.29,  CPU= 4.36,  System= 0.00
      2     18.186    54.1%            8.40s  Real= 0.30,  CPU= 4.38,  System= 0.00
      3     18.561    55.7%            7.83s  Real= 0.29,  CPU= 4.28,  System= 0.00
      4     18.936    57.4%            7.54s  Real= 0.29,  CPU= 4.37,  System= 0.00
      5     19.311    59.0%            7.25s  Real= 0.29,  CPU= 4.34,  System= 0.00
      6     19.686    60.7%            6.96s  Real= 0.29,  CPU= 4.40,  System= 0.00
      7     20.061    62.3%            6.67s  Real= 0.29,  CPU= 4.41,  System= 0.00
      8     20.436    63.9%            6.60s  Real= 0.30,  CPU= 4.47,  System= 0.00
      9     20.811    65.6%            6.51s  Real= 0.31,  CPU= 4.53,  System= 0.00
     10     21.186    67.2%            6.00s  Real= 0.30,  CPU= 4.57,  System= 0.00
     11     21.561    68.9%            5.89s  Real= 0.31,  CPU= 4.59,  System= 0.00
     12     21.936    70.5%            5.58s  Real= 0.31,  CPU= 4.59,  System= 0.00
     13     22.311    72.1%            5.27s  Real= 0.31,  CPU= 4.62,  System= 0.00
     14     22.686    73.8%            4.96s  Real= 0.31,  CPU= 4.64,  System= 0.00
     15     23.061    75.4%            4.65s  Real= 0.31,  CPU= 4.64,  System= 0.00
     16     23.436    77.0%            4.06s  Real= 0.29,  CPU= 4.33,  System= 0.01
     17     23.811    78.7%            3.90s  Real= 0.30,  CPU= 4.39,  System= 0.01
     18     24.186    80.3%            3.48s  Real= 0.29,  CPU= 4.39,  System= 0.01
     19     24.561    82.0%            3.19s  Real= 0.29,  CPU= 4.41,  System= 0.01
     20     24.936    83.6%            2.90s  Real= 0.29,  CPU= 4.35,  System= 0.01
     21     25.311    85.2%            2.70s  Real= 0.30,  CPU= 4.41,  System= 0.01
     22     25.686    86.9%            2.40s  Real= 0.30,  CPU= 4.40,  System= 0.01
     23     26.061    88.5%            2.10s  Real= 0.30,  CPU= 4.38,  System= 0.01
     24     26.436    90.2%            1.80s  Real= 0.30,  CPU= 4.30,  System= 0.01
     25     26.811    91.8%            1.55s  Real= 0.31,  CPU= 4.24,  System= 0.01
     26     27.186    93.4%            1.20s  Real= 0.30,  CPU= 4.21,  System= 0.01
     27     27.561    95.1%            0.93s  Real= 0.31,  CPU= 4.19,  System= 0.01
     28     27.936    96.7%            0.62s  Real= 0.31,  CPU= 4.12,  System= 0.01
     29     28.311    98.4%            0.31s  Real= 0.31,  CPU= 4.10,  System= 0.01
     30     28.686   100.0%            0.00s  Real= 0.31,  CPU= 4.09,  System= 0.01

Grid	Atom	Minimum   	Maximum
Map 	Type	Energy    	Energy 
		(kcal/mol)	(kcal/mol)
____	____	_____________	_____________
 1	 A	   -0.92	 2.01e+05
 2	 C	   -1.03	 2.01e+05
 3	 Cl	   -1.35	 2.04e+05
 4	 HD	   -0.73	 1.10e+05
 5	 N	   -1.06	 2.00e+05
 6	 e	  -37.58	 1.77e+01	Electrostatic Potential
 7	 d	    0.05	 1.51e+00	Desolvation Potential


 * Note:  Every pairwise-atomic interaction was clamped at 100000.00


autogrid4: Successful Completion.
Real= 1.31s,  CPU= 18.68s,  System= 0.02s
