
       _______________________________________________________

__________//____________________________/////_________________/________
_________/__/____________/_____________/______________/_______/________
________/____/___________/_____________/______________________/________
________/____/__/_____/_/////___/////__/__////_/_///__/__////_/________
_______/______/_/_____/__/_____/_____/_/_____/_//___/_/_/____//________
_______////////_/_____/__/_____/_____/_/_____/_/______/_/_____/________
_______/______/_/____//__/___/_/_____/_/_____/_/______/_/____//________
_______/______/__////_/___///___/////___/////__/______/__////_/________

       _______________________________________________________

                                ______
                               /      \
                              /        \
                             /          \
                             \    /\    /
                              \  /  \  /
                               \/ /\ \/
                                 /  \
                                /____\


                ______________________________________ 
               |                                      |
               |            AutoGrid 4.2.7.x          |
               |                                      |
               |        Garrett M. Morris, TSRI       |
               |            Ruth Huey, TSRI           |
               |        David S. Goodsell, TSRI       |
               |         Arthur J. Olson, TSRI        |
               |                                      |
               |        (C) 1989-2020, TSRI           |
               |   The Scripps Research Institute     |
               |______________________________________|

                ______________________________________ 
               |                                      |
               | Calculation of van der Waals, H-Bond,|
               |   Electrostatic Potential Energy, &  |
               |   Desolvation Free Energy Grid Maps  |
               |             for AutoDock             |
               | For help, email autodock@scripps.edu |
               |______________________________________|




                           $Revision: 1.160 $
Compilation parameters:  NUM_RECEPTOR_TYPES=20 NEINT=1024
  AG_MAX_ATOMS=100000  AG_MAX_NBONDS=4 MAX_MAPS=128 NDIEL=8192 MAX_ATOM_TYPES=126
        e_vdW_Hb table allows    15876 entries of size 1024
Maximum number of maps that can be computed = 128 (defined by MAX_MAPS in "autocomm.h").
  Non-bond cutoff for internal energy calculation (SOFTNBC): 8.00
  Optimize internal energy scoring (USE_8A_NBCUTOFF):  yes
  Faster search for nearby atoms (USE_BHTREE):  no
  Run calculations in parallel if possible (_OPENMP):  yes
  Maximum number of parallel threads (MAXTHREADS): 32
This file was created at:			9:49 03" a.m., 05/29/2025
                   using:			"unknown_host"


GPF> npts 60 60 60                        # num.grid points in xyz

Number of grid points in x-direction:	61
Number of grid points in y-direction:	61
Number of grid points in z-direction:	61

GPF> gridfld receptor.maps.fld            # grid_data_file

Creating (AVS-readable) grid maps file : receptor.maps.fld

Creating (AVS-readable) grid-coordinates extrema file : receptor.maps.xyz

GPF> spacing 0.375                        # spacing(A)
Grid Spacing :			0.375 Angstrom

GPF> receptor_types A C H OA N SA HD      # receptor atom types
GPF> ligand_types A C F OA N HD           # ligand atom types
0 'A' ->'A' vdW/Hb/cov
1 'C' ->'C' vdW/Hb/cov
2 'F' ->'F' vdW/Hb/cov
3 'OA' ->'OA' vdW/Hb/cov
4 'N' ->'N' vdW/Hb/cov
5 'HD' ->'HD' vdW/Hb/cov
Allocated space for 8 gridmap objects
16 CPU threads will be used for calculation

Atom type names for ligand atom types 1-6 used for ligand-atom affinity grid maps:

			Atom type number 1 corresponds to atom type name "A".
			Atom type number 2 corresponds to atom type name "C".
			Atom type number 3 corresponds to atom type name "F".
			Atom type number 4 corresponds to atom type name "OA".
			Atom type number 5 corresponds to atom type name "N".
			Atom type number 6 corresponds to atom type name "HD".


GPF> receptor receptor.pdbqt              # macromolecule

Receptor Input File :	receptor.pdbqt

Receptor Atom Type Assignments:


Maximum partial atomic charge found = +0.665 e
Minimum partial atomic charge found = -0.648 e

Atom	Atom	Number of this Type
Type	 ID 	 in Receptor
____	____	___________________
 0	 A		   210
 1	 C		  1226
 2	 H		  1779
 3	 OA		   391
 4	 N		   375
 5	 SA		    14
 6	 HD		   489

Total number of atoms :		4484 atoms 
Total charge :			8.19 e


Receptor coordinates fit within the following volume:

                   _______(28.7, 31.3, 49.9)
                  /|     /|
                 / |    / |
                /______/  |
                |  |___|__| Midpoint = (4.0, 2.3, 22.7)
                |  /   |  /
                | /    | /
                |/_____|/
(-20.7, -26.6, -4.5)      

Maximum coordinates :		(28.704, 31.318, 49.902)
Minimum coordinates :		(-20.671, -26.620, -4.535)


GPF> gridcenter 0.435 4.134 28.945        # xyz-coordinates or auto

Grid maps will be centered on user-defined coordinates:

		(0.435, 4.134, 28.945)

Grid maps will cover the following volume:

                   _______(11.7, 15.4, 40.2)
                  /|     /|
                 / |    / |
                /______/  |
                |  |___|__| Midpoint = (0.4, 4.1, 28.9)
                |  /   |  /
                | /    | /
                |/_____|/
(-10.8, -7.1, 17.7)      

Grid map x-dimension :		22.5 Angstroms
Grid map y-dimension :		22.5 Angstroms
Grid map z-dimension :		22.5 Angstroms

Maximum coordinates :		(11.685, 15.384, 40.195)
Minimum coordinates :		(-10.815, -7.116, 17.695)

GPF> smooth 0.5                           # store minimum energy w/in rad(A)

Potentials will be smoothed by: 0.500 Angstrom

GPF> map receptor.A.map                   # atom-specific affinity map

Output Grid Map 1:   receptor.A.map

GPF> map receptor.C.map                   # atom-specific affinity map

Output Grid Map 2:   receptor.C.map

GPF> map receptor.F.map                   # atom-specific affinity map

Output Grid Map 3:   receptor.F.map

GPF> map receptor.OA.map                  # atom-specific affinity map

Output Grid Map 4:   receptor.OA.map

GPF> map receptor.N.map                   # atom-specific affinity map

Output Grid Map 5:   receptor.N.map

GPF> map receptor.HD.map                  # atom-specific affinity map

Output Grid Map 6:   receptor.HD.map

GPF> elecmap receptor.e.map               # electrostatic potential map

Output Electrostatic Potential Energy Grid Map: receptor.e.map

GPF> dsolvmap receptor.d.map              # desolvation potential map

Output Desolvation Free Energy Grid Map: receptor.d.map

GPF> dielectric -0.1465                   # <0, AD4 distance-dep.diel;>0, constant

Using *distance-dependent* dielectric function of Mehler and Solmajer, Prot.Eng.4, 903-910.


>>> Closing the grid parameter file (GPF)... <<<

________________________________________________________________________________



No Floating Grid was requested.


No Constriction Grid was requested.


Calculating Pairwise Interaction Energies
Beginning grid calculations.

Calculating 8 grids over 226981 elements, around 4484 receptor atoms.

                    Percent   Estimated Time  Time/this plane
XY-plane  Z-coord   Done      Remaining       Real, User, System
            /Ang              /sec            /sec
________  ________  ________  ______________  __________________________

    -30     17.695     1.6%           15.00s  Real= 0.25,  CPU= 3.95,  System= 0.00
    -29     18.070     3.3%           15.34s  Real= 0.26,  CPU= 4.03,  System= 0.00
    -28     18.445     4.9%           15.08s  Real= 0.26,  CPU= 4.06,  System= 0.00
    -27     18.820     6.6%           14.82s  Real= 0.26,  CPU= 4.11,  System= 0.00
    -26     19.195     8.2%           15.12s  Real= 0.27,  CPU= 4.16,  System= 0.00
    -25     19.570     9.8%           14.85s  Real= 0.27,  CPU= 4.16,  System= 0.00
    -24     19.945    11.5%           14.58s  Real= 0.27,  CPU= 4.17,  System= 0.00
    -23     20.320    13.1%           14.31s  Real= 0.27,  CPU= 4.19,  System= 0.00
    -22     20.695    14.8%           14.04s  Real= 0.27,  CPU= 4.22,  System= 0.00
    -21     21.070    16.4%           13.77s  Real= 0.27,  CPU= 4.23,  System= 0.00
    -20     21.445    18.0%           13.50s  Real= 0.27,  CPU= 4.25,  System= 0.00
    -19     21.820    19.7%           13.23s  Real= 0.27,  CPU= 4.29,  System= 0.00
    -18     22.195    21.3%           13.44s  Real= 0.28,  CPU= 4.32,  System= 0.00
    -17     22.570    23.0%           13.16s  Real= 0.28,  CPU= 4.35,  System= 0.00
    -16     22.945    24.6%           12.88s  Real= 0.28,  CPU= 4.37,  System= 0.00
    -15     23.320    26.2%           12.60s  Real= 0.28,  CPU= 4.37,  System= 0.00
    -14     23.695    27.9%           11.00s  Real= 0.25,  CPU= 3.80,  System= 0.01
    -13     24.070    29.5%           10.75s  Real= 0.25,  CPU= 3.83,  System= 0.01
    -12     24.445    31.1%           10.92s  Real= 0.26,  CPU= 3.87,  System= 0.01
    -11     24.820    32.8%           10.66s  Real= 0.26,  CPU= 3.92,  System= 0.01
    -10     25.195    34.4%           10.40s  Real= 0.26,  CPU= 3.92,  System= 0.01
     -9     25.570    36.1%            9.75s  Real= 0.25,  CPU= 3.78,  System= 0.01
     -8     25.945    37.7%            9.88s  Real= 0.26,  CPU= 3.96,  System= 0.01
     -7     26.320    39.3%            9.62s  Real= 0.26,  CPU= 3.97,  System= 0.01
     -6     26.695    41.0%            9.72s  Real= 0.27,  CPU= 4.00,  System= 0.01
     -5     27.070    42.6%            9.45s  Real= 0.27,  CPU= 4.01,  System= 0.01
     -4     27.445    44.3%            9.18s  Real= 0.27,  CPU= 4.01,  System= 0.01
     -3     27.820    45.9%            9.24s  Real= 0.28,  CPU= 4.08,  System= 0.01
     -2     28.195    47.5%            8.64s  Real= 0.27,  CPU= 4.12,  System= 0.01
     -1     28.570    49.2%            8.68s  Real= 0.28,  CPU= 4.13,  System= 0.01
      0     28.945    50.8%            8.40s  Real= 0.28,  CPU= 4.15,  System= 0.01
      1     29.320    52.5%            7.25s  Real= 0.25,  CPU= 3.80,  System= 0.00
      2     29.695    54.1%            7.28s  Real= 0.26,  CPU= 3.83,  System= 0.00
      3     30.070    55.7%            7.02s  Real= 0.26,  CPU= 3.88,  System= 0.00
      4     30.445    57.4%            6.50s  Real= 0.25,  CPU= 3.79,  System= 0.00
      5     30.820    59.0%            6.50s  Real= 0.26,  CPU= 3.93,  System= 0.00
      6     31.195    60.7%            6.24s  Real= 0.26,  CPU= 3.94,  System= 0.00
      7     31.570    62.3%            6.21s  Real= 0.27,  CPU= 3.97,  System= 0.00
      8     31.945    63.9%            5.94s  Real= 0.27,  CPU= 3.97,  System= 0.00
      9     32.320    65.6%            5.46s  Real= 0.26,  CPU= 3.98,  System= 0.00
     10     32.695    67.2%            5.40s  Real= 0.27,  CPU= 4.01,  System= 0.00
     11     33.070    68.9%            5.13s  Real= 0.27,  CPU= 4.03,  System= 0.00
     12     33.445    70.5%            4.86s  Real= 0.27,  CPU= 4.06,  System= 0.00
     13     33.820    72.1%            4.76s  Real= 0.28,  CPU= 4.12,  System= 0.00
     14     34.195    73.8%            4.32s  Real= 0.27,  CPU= 4.15,  System= 0.00
     15     34.570    75.4%            4.05s  Real= 0.27,  CPU= 4.15,  System= 0.00
     16     34.945    77.0%            3.64s  Real= 0.26,  CPU= 3.81,  System= 0.00
     17     35.320    78.7%            3.38s  Real= 0.26,  CPU= 3.85,  System= 0.00
     18     35.695    80.3%            3.00s  Real= 0.25,  CPU= 3.76,  System= 0.00
     19     36.070    82.0%            2.86s  Real= 0.26,  CPU= 3.86,  System= 0.00
     20     36.445    83.6%            2.60s  Real= 0.26,  CPU= 3.83,  System= 0.00
     21     36.820    85.2%            2.34s  Real= 0.26,  CPU= 3.84,  System= 0.00
     22     37.195    86.9%            2.08s  Real= 0.26,  CPU= 3.84,  System= 0.00
     23     37.570    88.5%            1.82s  Real= 0.26,  CPU= 3.82,  System= 0.00
     24     37.945    90.2%            1.62s  Real= 0.27,  CPU= 3.81,  System= 0.00
     25     38.320    91.8%            1.30s  Real= 0.26,  CPU= 3.77,  System= 0.00
     26     38.695    93.4%            1.08s  Real= 0.27,  CPU= 3.77,  System= 0.00
     27     39.070    95.1%            0.81s  Real= 0.27,  CPU= 3.68,  System= 0.00
     28     39.445    96.7%            0.54s  Real= 0.27,  CPU= 3.56,  System= 0.00
     29     39.820    98.4%            0.28s  Real= 0.28,  CPU= 3.52,  System= 0.00
     30     40.195   100.0%            0.00s  Real= 0.28,  CPU= 3.49,  System= 0.00

Grid	Atom	Minimum   	Maximum
Map 	Type	Energy    	Energy 
		(kcal/mol)	(kcal/mol)
____	____	_____________	_____________
 1	 A	   -0.82	 2.02e+05
 2	 C	   -0.92	 2.02e+05
 3	 F	   -0.63	 2.00e+05
 4	 OA	   -1.88	 2.00e+05
 5	 N	   -1.01	 2.00e+05
 6	 HD	   -0.73	 1.07e+05
 7	 e	  -37.78	 3.11e+01	Electrostatic Potential
 8	 d	    0.00	 1.55e+00	Desolvation Potential


 * Note:  Every pairwise-atomic interaction was clamped at 100000.00


autogrid4: Successful Completion.
Real= 1.18s,  CPU= 16.64s,  System= 0.02s
