
       _______________________________________________________

__________//____________________________/////_________________/________
_________/__/____________/_____________/______________/_______/________
________/____/___________/_____________/______________________/________
________/____/__/_____/_/////___/////__/__////_/_///__/__////_/________
_______/______/_/_____/__/_____/_____/_/_____/_//___/_/_/____//________
_______////////_/_____/__/_____/_____/_/_____/_/______/_/_____/________
_______/______/_/____//__/___/_/_____/_/_____/_/______/_/____//________
_______/______/__////_/___///___/////___/////__/______/__////_/________

       _______________________________________________________

                                ______
                               /      \
                              /        \
                             /          \
                             \    /\    /
                              \  /  \  /
                               \/ /\ \/
                                 /  \
                                /____\


                ______________________________________ 
               |                                      |
               |            AutoGrid 4.2.7.x          |
               |                                      |
               |        Garrett M. Morris, TSRI       |
               |            Ruth Huey, TSRI           |
               |        David S. Goodsell, TSRI       |
               |         Arthur J. Olson, TSRI        |
               |                                      |
               |        (C) 1989-2020, TSRI           |
               |   The Scripps Research Institute     |
               |______________________________________|

                ______________________________________ 
               |                                      |
               | Calculation of van der Waals, H-Bond,|
               |   Electrostatic Potential Energy, &  |
               |   Desolvation Free Energy Grid Maps  |
               |             for AutoDock             |
               | For help, email autodock@scripps.edu |
               |______________________________________|




                           $Revision: 1.160 $
Compilation parameters:  NUM_RECEPTOR_TYPES=20 NEINT=1024
  AG_MAX_ATOMS=100000  AG_MAX_NBONDS=4 MAX_MAPS=128 NDIEL=8192 MAX_ATOM_TYPES=126
        e_vdW_Hb table allows    15876 entries of size 1024
Maximum number of maps that can be computed = 128 (defined by MAX_MAPS in "autocomm.h").
  Non-bond cutoff for internal energy calculation (SOFTNBC): 8.00
  Optimize internal energy scoring (USE_8A_NBCUTOFF):  yes
  Faster search for nearby atoms (USE_BHTREE):  no
  Run calculations in parallel if possible (_OPENMP):  yes
  Maximum number of parallel threads (MAXTHREADS): 32
This file was created at:			9:48 55" a.m., 05/29/2025
                   using:			"unknown_host"


GPF> npts 60 60 60                        # num.grid points in xyz

Number of grid points in x-direction:	61
Number of grid points in y-direction:	61
Number of grid points in z-direction:	61

GPF> gridfld receptor.maps.fld            # grid_data_file

Creating (AVS-readable) grid maps file : receptor.maps.fld

Creating (AVS-readable) grid-coordinates extrema file : receptor.maps.xyz

GPF> spacing 0.375                        # spacing(A)
Grid Spacing :			0.375 Angstrom

GPF> receptor_types A C H OA N SA HD      # receptor atom types
GPF> ligand_types A C OA HD N             # ligand atom types
0 'A' ->'A' vdW/Hb/cov
1 'C' ->'C' vdW/Hb/cov
2 'OA' ->'OA' vdW/Hb/cov
3 'HD' ->'HD' vdW/Hb/cov
4 'N' ->'N' vdW/Hb/cov
Allocated space for 7 gridmap objects
16 CPU threads will be used for calculation

Atom type names for ligand atom types 1-5 used for ligand-atom affinity grid maps:

			Atom type number 1 corresponds to atom type name "A".
			Atom type number 2 corresponds to atom type name "C".
			Atom type number 3 corresponds to atom type name "OA".
			Atom type number 4 corresponds to atom type name "HD".
			Atom type number 5 corresponds to atom type name "N".


GPF> receptor receptor.pdbqt              # macromolecule

Receptor Input File :	receptor.pdbqt

Receptor Atom Type Assignments:


Maximum partial atomic charge found = +0.665 e
Minimum partial atomic charge found = -0.648 e

Atom	Atom	Number of this Type
Type	 ID 	 in Receptor
____	____	___________________
 0	 A		   249
 1	 C		  1524
 2	 H		  2159
 3	 OA		   500
 4	 N		   470
 5	 SA		    13
 6	 HD		   612

Total number of atoms :		5527 atoms 
Total charge :			-0.80 e


Receptor coordinates fit within the following volume:

                   _______(29.3, 29.3, 78.9)
                  /|     /|
                 / |    / |
                /______/  |
                |  |___|__| Midpoint = (-3.0, 6.8, 45.4)
                |  /   |  /
                | /    | /
                |/_____|/
(-35.3, -15.7, 12.0)      

Maximum coordinates :		(29.286, 29.281, 78.895)
Minimum coordinates :		(-35.289, -15.743, 12.005)


GPF> gridcenter -14.647 12.895 41.288     # xyz-coordinates or auto

Grid maps will be centered on user-defined coordinates:

		(-14.647, 12.895, 41.288)

Grid maps will cover the following volume:

                   _______(-3.4, 24.1, 52.5)
                  /|     /|
                 / |    / |
                /______/  |
                |  |___|__| Midpoint = (-14.6, 12.9, 41.3)
                |  /   |  /
                | /    | /
                |/_____|/
(-25.9, 1.6, 30.0)      

Grid map x-dimension :		22.5 Angstroms
Grid map y-dimension :		22.5 Angstroms
Grid map z-dimension :		22.5 Angstroms

Maximum coordinates :		(-3.397, 24.145, 52.538)
Minimum coordinates :		(-25.897, 1.645, 30.038)

GPF> smooth 0.5                           # store minimum energy w/in rad(A)

Potentials will be smoothed by: 0.500 Angstrom

GPF> map receptor.A.map                   # atom-specific affinity map

Output Grid Map 1:   receptor.A.map

GPF> map receptor.C.map                   # atom-specific affinity map

Output Grid Map 2:   receptor.C.map

GPF> map receptor.OA.map                  # atom-specific affinity map

Output Grid Map 3:   receptor.OA.map

GPF> map receptor.HD.map                  # atom-specific affinity map

Output Grid Map 4:   receptor.HD.map

GPF> map receptor.N.map                   # atom-specific affinity map

Output Grid Map 5:   receptor.N.map

GPF> elecmap receptor.e.map               # electrostatic potential map

Output Electrostatic Potential Energy Grid Map: receptor.e.map

GPF> dsolvmap receptor.d.map              # desolvation potential map

Output Desolvation Free Energy Grid Map: receptor.d.map

GPF> dielectric -0.1465                   # <0, AD4 distance-dep.diel;>0, constant

Using *distance-dependent* dielectric function of Mehler and Solmajer, Prot.Eng.4, 903-910.


>>> Closing the grid parameter file (GPF)... <<<

________________________________________________________________________________



No Floating Grid was requested.


No Constriction Grid was requested.


Calculating Pairwise Interaction Energies
Beginning grid calculations.

Calculating 7 grids over 226981 elements, around 5527 receptor atoms.

                    Percent   Estimated Time  Time/this plane
XY-plane  Z-coord   Done      Remaining       Real, User, System
            /Ang              /sec            /sec
________  ________  ________  ______________  __________________________

    -30     30.038     1.6%           18.60s  Real= 0.31,  CPU= 4.87,  System= 0.00
    -29     30.413     3.3%           18.29s  Real= 0.31,  CPU= 4.89,  System= 0.00
    -28     30.788     4.9%           17.98s  Real= 0.31,  CPU= 4.89,  System= 0.00
    -27     31.163     6.6%           17.67s  Real= 0.31,  CPU= 4.89,  System= 0.00
    -26     31.538     8.2%           17.36s  Real= 0.31,  CPU= 4.90,  System= 0.00
    -25     31.913     9.8%           17.05s  Real= 0.31,  CPU= 4.90,  System= 0.00
    -24     32.288    11.5%           16.74s  Real= 0.31,  CPU= 4.98,  System= 0.00
    -23     32.663    13.1%           17.49s  Real= 0.33,  CPU= 5.11,  System= 0.00
    -22     33.038    14.8%           17.16s  Real= 0.33,  CPU= 5.11,  System= 0.00
    -21     33.413    16.4%           16.83s  Real= 0.33,  CPU= 5.11,  System= 0.00
    -20     33.788    18.0%           16.50s  Real= 0.33,  CPU= 5.11,  System= 0.00
    -19     34.163    19.7%           16.17s  Real= 0.33,  CPU= 5.12,  System= 0.00
    -18     34.538    21.3%           15.84s  Real= 0.33,  CPU= 5.12,  System= 0.00
    -17     34.913    23.0%           15.51s  Real= 0.33,  CPU= 5.13,  System= 0.00
    -16     35.288    24.6%           15.18s  Real= 0.33,  CPU= 5.17,  System= 0.00
    -15     35.663    26.2%           15.75s  Real= 0.35,  CPU= 5.42,  System= 0.00
    -14     36.038    27.9%           13.64s  Real= 0.31,  CPU= 4.63,  System= 0.00
    -13     36.413    29.5%           13.33s  Real= 0.31,  CPU= 4.61,  System= 0.00
    -12     36.788    31.1%           13.02s  Real= 0.31,  CPU= 4.62,  System= 0.00
    -11     37.163    32.8%           12.71s  Real= 0.31,  CPU= 4.63,  System= 0.00
    -10     37.538    34.4%           12.40s  Real= 0.31,  CPU= 4.64,  System= 0.00
     -9     37.913    36.1%           12.09s  Real= 0.31,  CPU= 4.64,  System= 0.00
     -8     38.288    37.7%           12.16s  Real= 0.32,  CPU= 4.76,  System= 0.00
     -7     38.663    39.3%           11.84s  Real= 0.32,  CPU= 4.80,  System= 0.00
     -6     39.038    41.0%           11.52s  Real= 0.32,  CPU= 4.81,  System= 0.00
     -5     39.413    42.6%           11.20s  Real= 0.32,  CPU= 4.81,  System= 0.00
     -4     39.788    44.3%           10.88s  Real= 0.32,  CPU= 4.83,  System= 0.00
     -3     40.163    45.9%           10.56s  Real= 0.32,  CPU= 4.83,  System= 0.00
     -2     40.538    47.5%           10.24s  Real= 0.32,  CPU= 4.83,  System= 0.00
     -1     40.913    49.2%            9.92s  Real= 0.32,  CPU= 4.80,  System= 0.00
      0     41.288    50.8%            9.30s  Real= 0.31,  CPU= 4.58,  System= 0.00
      1     41.663    52.5%            8.99s  Real= 0.31,  CPU= 4.56,  System= 0.01
      2     42.038    54.1%            8.68s  Real= 0.31,  CPU= 4.56,  System= 0.01
      3     42.413    55.7%            8.37s  Real= 0.31,  CPU= 4.57,  System= 0.01
      4     42.788    57.4%            8.06s  Real= 0.31,  CPU= 4.59,  System= 0.01
      5     43.163    59.0%            8.25s  Real= 0.33,  CPU= 4.89,  System= 0.01
      6     43.538    60.7%            8.16s  Real= 0.34,  CPU= 4.98,  System= 0.01
      7     43.913    62.3%            6.90s  Real= 0.30,  CPU= 4.60,  System= 0.01
      8     44.288    63.9%            7.04s  Real= 0.32,  CPU= 4.77,  System= 0.01
      9     44.663    65.6%            6.72s  Real= 0.32,  CPU= 4.81,  System= 0.01
     10     45.038    67.2%            6.40s  Real= 0.32,  CPU= 4.81,  System= 0.01
     11     45.413    68.9%            6.08s  Real= 0.32,  CPU= 4.84,  System= 0.01
     12     45.788    70.5%            5.76s  Real= 0.32,  CPU= 4.81,  System= 0.01
     13     46.163    72.1%            5.61s  Real= 0.33,  CPU= 4.83,  System= 0.01
     14     46.538    73.8%            5.28s  Real= 0.33,  CPU= 4.84,  System= 0.01
     15     46.913    75.4%            4.95s  Real= 0.33,  CPU= 4.83,  System= 0.01
     16     47.288    77.0%            4.34s  Real= 0.31,  CPU= 4.61,  System= 0.00
     17     47.663    78.7%            4.03s  Real= 0.31,  CPU= 4.63,  System= 0.00
     18     48.038    80.3%            3.72s  Real= 0.31,  CPU= 4.65,  System= 0.00
     19     48.413    82.0%            3.41s  Real= 0.31,  CPU= 4.65,  System= 0.00
     20     48.788    83.6%            3.10s  Real= 0.31,  CPU= 4.56,  System= 0.00
     21     49.163    85.2%            2.70s  Real= 0.30,  CPU= 4.51,  System= 0.00
     22     49.538    86.9%            2.48s  Real= 0.31,  CPU= 4.48,  System= 0.00
     23     49.913    88.5%            2.24s  Real= 0.32,  CPU= 4.54,  System= 0.00
     24     50.288    90.2%            1.92s  Real= 0.32,  CPU= 4.54,  System= 0.00
     25     50.663    91.8%            1.60s  Real= 0.32,  CPU= 4.54,  System= 0.00
     26     51.038    93.4%            1.28s  Real= 0.32,  CPU= 4.52,  System= 0.00
     27     51.413    95.1%            0.99s  Real= 0.33,  CPU= 4.53,  System= 0.00
     28     51.788    96.7%            0.64s  Real= 0.32,  CPU= 4.51,  System= 0.00
     29     52.163    98.4%            0.32s  Real= 0.32,  CPU= 4.49,  System= 0.00
     30     52.538   100.0%            0.00s  Real= 0.32,  CPU= 4.51,  System= 0.00

Grid	Atom	Minimum   	Maximum
Map 	Type	Energy    	Energy 
		(kcal/mol)	(kcal/mol)
____	____	_____________	_____________
 1	 A	   -0.81	 2.02e+05
 2	 C	   -0.91	 2.02e+05
 3	 OA	   -1.95	 2.00e+05
 4	 HD	   -0.72	 1.08e+05
 5	 N	   -0.95	 2.00e+05
 6	 e	  -38.83	 1.71e+01	Electrostatic Potential
 7	 d	    0.00	 1.55e+00	Desolvation Potential


 * Note:  Every pairwise-atomic interaction was clamped at 100000.00


autogrid4: Successful Completion.
Real= 1.37s,  CPU= 19.78s,  System= 0.02s
