
       _______________________________________________________

__________//____________________________/////_________________/________
_________/__/____________/_____________/______________/_______/________
________/____/___________/_____________/______________________/________
________/____/__/_____/_/////___/////__/__////_/_///__/__////_/________
_______/______/_/_____/__/_____/_____/_/_____/_//___/_/_/____//________
_______////////_/_____/__/_____/_____/_/_____/_/______/_/_____/________
_______/______/_/____//__/___/_/_____/_/_____/_/______/_/____//________
_______/______/__////_/___///___/////___/////__/______/__////_/________

       _______________________________________________________

                                ______
                               /      \
                              /        \
                             /          \
                             \    /\    /
                              \  /  \  /
                               \/ /\ \/
                                 /  \
                                /____\


                ______________________________________ 
               |                                      |
               |            AutoGrid 4.2.7.x          |
               |                                      |
               |        Garrett M. Morris, TSRI       |
               |            Ruth Huey, TSRI           |
               |        David S. Goodsell, TSRI       |
               |         Arthur J. Olson, TSRI        |
               |                                      |
               |        (C) 1989-2020, TSRI           |
               |   The Scripps Research Institute     |
               |______________________________________|

                ______________________________________ 
               |                                      |
               | Calculation of van der Waals, H-Bond,|
               |   Electrostatic Potential Energy, &  |
               |   Desolvation Free Energy Grid Maps  |
               |             for AutoDock             |
               | For help, email autodock@scripps.edu |
               |______________________________________|




                           $Revision: 1.160 $
Compilation parameters:  NUM_RECEPTOR_TYPES=20 NEINT=1024
  AG_MAX_ATOMS=100000  AG_MAX_NBONDS=4 MAX_MAPS=128 NDIEL=8192 MAX_ATOM_TYPES=126
        e_vdW_Hb table allows    15876 entries of size 1024
Maximum number of maps that can be computed = 128 (defined by MAX_MAPS in "autocomm.h").
  Non-bond cutoff for internal energy calculation (SOFTNBC): 8.00
  Optimize internal energy scoring (USE_8A_NBCUTOFF):  yes
  Faster search for nearby atoms (USE_BHTREE):  no
  Run calculations in parallel if possible (_OPENMP):  yes
  Maximum number of parallel threads (MAXTHREADS): 32
This file was created at:			9:48 46" a.m., 05/29/2025
                   using:			"unknown_host"


GPF> npts 60 60 60                        # num.grid points in xyz

Number of grid points in x-direction:	61
Number of grid points in y-direction:	61
Number of grid points in z-direction:	61

GPF> gridfld receptor.maps.fld            # grid_data_file

Creating (AVS-readable) grid maps file : receptor.maps.fld

Creating (AVS-readable) grid-coordinates extrema file : receptor.maps.xyz

GPF> spacing 0.375                        # spacing(A)
Grid Spacing :			0.375 Angstrom

GPF> receptor_types A C H OA N SA HD      # receptor atom types
GPF> ligand_types A C OA N S HD           # ligand atom types
0 'A' ->'A' vdW/Hb/cov
1 'C' ->'C' vdW/Hb/cov
2 'OA' ->'OA' vdW/Hb/cov
3 'N' ->'N' vdW/Hb/cov
4 'S' ->'S' vdW/Hb/cov
5 'HD' ->'HD' vdW/Hb/cov
Allocated space for 8 gridmap objects
16 CPU threads will be used for calculation

Atom type names for ligand atom types 1-6 used for ligand-atom affinity grid maps:

			Atom type number 1 corresponds to atom type name "A".
			Atom type number 2 corresponds to atom type name "C".
			Atom type number 3 corresponds to atom type name "OA".
			Atom type number 4 corresponds to atom type name "N".
			Atom type number 5 corresponds to atom type name "S".
			Atom type number 6 corresponds to atom type name "HD".


GPF> receptor receptor.pdbqt              # macromolecule

Receptor Input File :	receptor.pdbqt

Receptor Atom Type Assignments:


Maximum partial atomic charge found = +0.665 e
Minimum partial atomic charge found = -0.648 e

Atom	Atom	Number of this Type
Type	 ID 	 in Receptor
____	____	___________________
 0	 A		   199
 1	 C		  1226
 2	 H		  1742
 3	 OA		   410
 4	 N		   372
 5	 SA		    13
 6	 HD		   484

Total number of atoms :		4446 atoms 
Total charge :			-3.86 e


Receptor coordinates fit within the following volume:

                   _______(141.1, 98.8, 26.7)
                  /|     /|
                 / |    / |
                /______/  |
                |  |___|__| Midpoint = (111.8, 71.8, 0.2)
                |  /   |  /
                | /    | /
                |/_____|/
(82.5, 44.7, -26.4)      

Maximum coordinates :		(141.081, 98.814, 26.711)
Minimum coordinates :		(82.523, 44.720, -26.380)


GPF> gridcenter 114.720 66.118 10.411     # xyz-coordinates or auto

Grid maps will be centered on user-defined coordinates:

		(114.720, 66.118, 10.411)

Grid maps will cover the following volume:

                   _______(126.0, 77.4, 21.7)
                  /|     /|
                 / |    / |
                /______/  |
                |  |___|__| Midpoint = (114.7, 66.1, 10.4)
                |  /   |  /
                | /    | /
                |/_____|/
(103.5, 54.9, -0.8)      

Grid map x-dimension :		22.5 Angstroms
Grid map y-dimension :		22.5 Angstroms
Grid map z-dimension :		22.5 Angstroms

Maximum coordinates :		(125.970, 77.368, 21.661)
Minimum coordinates :		(103.470, 54.868, -0.839)

GPF> smooth 0.5                           # store minimum energy w/in rad(A)

Potentials will be smoothed by: 0.500 Angstrom

GPF> map receptor.A.map                   # atom-specific affinity map

Output Grid Map 1:   receptor.A.map

GPF> map receptor.C.map                   # atom-specific affinity map

Output Grid Map 2:   receptor.C.map

GPF> map receptor.OA.map                  # atom-specific affinity map

Output Grid Map 3:   receptor.OA.map

GPF> map receptor.N.map                   # atom-specific affinity map

Output Grid Map 4:   receptor.N.map

GPF> map receptor.S.map                   # atom-specific affinity map

Output Grid Map 5:   receptor.S.map

GPF> map receptor.HD.map                  # atom-specific affinity map

Output Grid Map 6:   receptor.HD.map

GPF> elecmap receptor.e.map               # electrostatic potential map

Output Electrostatic Potential Energy Grid Map: receptor.e.map

GPF> dsolvmap receptor.d.map              # desolvation potential map

Output Desolvation Free Energy Grid Map: receptor.d.map

GPF> dielectric -0.1465                   # <0, AD4 distance-dep.diel;>0, constant

Using *distance-dependent* dielectric function of Mehler and Solmajer, Prot.Eng.4, 903-910.


>>> Closing the grid parameter file (GPF)... <<<

________________________________________________________________________________



No Floating Grid was requested.


No Constriction Grid was requested.


Calculating Pairwise Interaction Energies
Beginning grid calculations.

Calculating 8 grids over 226981 elements, around 4446 receptor atoms.

                    Percent   Estimated Time  Time/this plane
XY-plane  Z-coord   Done      Remaining       Real, User, System
            /Ang              /sec            /sec
________  ________  ________  ______________  __________________________

    -30     -0.839     1.6%           14.40s  Real= 0.24,  CPU= 3.71,  System= 0.00
    -29     -0.464     3.3%           14.75s  Real= 0.25,  CPU= 3.82,  System= 0.00
    -28     -0.089     4.9%           14.50s  Real= 0.25,  CPU= 3.84,  System= 0.00
    -27      0.286     6.6%           14.25s  Real= 0.25,  CPU= 3.94,  System= 0.00
    -26      0.661     8.2%           14.00s  Real= 0.25,  CPU= 3.96,  System= 0.00
    -25      1.036     9.8%           14.30s  Real= 0.26,  CPU= 4.06,  System= 0.00
    -24      1.411    11.5%           14.04s  Real= 0.26,  CPU= 4.09,  System= 0.00
    -23      1.786    13.1%           14.31s  Real= 0.27,  CPU= 4.14,  System= 0.00
    -22      2.161    14.8%           14.04s  Real= 0.27,  CPU= 4.18,  System= 0.00
    -21      2.536    16.4%           13.77s  Real= 0.27,  CPU= 4.18,  System= 0.00
    -20      2.911    18.0%           13.50s  Real= 0.27,  CPU= 4.21,  System= 0.00
    -19      3.286    19.7%           13.72s  Real= 0.28,  CPU= 4.33,  System= 0.00
    -18      3.661    21.3%           13.44s  Real= 0.28,  CPU= 4.39,  System= 0.00
    -17      4.036    23.0%           13.16s  Real= 0.28,  CPU= 4.40,  System= 0.00
    -16      4.411    24.6%           13.34s  Real= 0.29,  CPU= 4.43,  System= 0.00
    -15      4.786    26.2%           13.05s  Real= 0.29,  CPU= 4.45,  System= 0.00
    -14      5.161    27.9%           10.12s  Real= 0.23,  CPU= 3.45,  System= 0.01
    -13      5.536    29.5%           10.32s  Real= 0.24,  CPU= 3.57,  System= 0.01
    -12      5.911    31.1%           10.50s  Real= 0.25,  CPU= 3.67,  System= 0.01
    -11      6.286    32.8%           10.25s  Real= 0.25,  CPU= 3.68,  System= 0.01
    -10      6.661    34.4%           10.40s  Real= 0.26,  CPU= 3.79,  System= 0.01
     -9      7.036    36.1%           10.14s  Real= 0.26,  CPU= 3.80,  System= 0.01
     -8      7.411    37.7%            9.88s  Real= 0.26,  CPU= 3.86,  System= 0.01
     -7      7.786    39.3%            9.62s  Real= 0.26,  CPU= 3.92,  System= 0.01
     -6      8.161    41.0%            9.72s  Real= 0.27,  CPU= 3.97,  System= 0.01
     -5      8.536    42.6%            9.10s  Real= 0.26,  CPU= 3.95,  System= 0.01
     -4      8.911    44.3%            9.18s  Real= 0.27,  CPU= 4.07,  System= 0.01
     -3      9.286    45.9%            8.91s  Real= 0.27,  CPU= 4.01,  System= 0.01
     -2      9.661    47.5%            8.96s  Real= 0.28,  CPU= 4.22,  System= 0.01
     -1     10.036    49.2%            8.68s  Real= 0.28,  CPU= 4.14,  System= 0.01
      0     10.411    50.8%            8.10s  Real= 0.27,  CPU= 4.15,  System= 0.01
      1     10.786    52.5%            6.67s  Real= 0.23,  CPU= 3.45,  System= 0.01
      2     11.161    54.1%            6.72s  Real= 0.24,  CPU= 3.57,  System= 0.01
      3     11.536    55.7%            6.75s  Real= 0.25,  CPU= 3.67,  System= 0.01
      4     11.911    57.4%            6.50s  Real= 0.25,  CPU= 3.67,  System= 0.01
      5     12.286    59.0%            6.25s  Real= 0.25,  CPU= 3.78,  System= 0.01
      6     12.661    60.7%            6.00s  Real= 0.25,  CPU= 3.80,  System= 0.01
      7     13.036    62.3%            5.75s  Real= 0.25,  CPU= 3.87,  System= 0.01
      8     13.411    63.9%            5.94s  Real= 0.27,  CPU= 3.93,  System= 0.01
      9     13.786    65.6%            5.46s  Real= 0.26,  CPU= 3.91,  System= 0.01
     10     14.161    67.2%            5.40s  Real= 0.27,  CPU= 3.99,  System= 0.01
     11     14.536    68.9%            5.13s  Real= 0.27,  CPU= 4.03,  System= 0.01
     12     14.911    70.5%            5.04s  Real= 0.28,  CPU= 4.10,  System= 0.01
     13     15.286    72.1%            4.76s  Real= 0.28,  CPU= 4.16,  System= 0.01
     14     15.661    73.8%            4.48s  Real= 0.28,  CPU= 4.17,  System= 0.01
     15     16.036    75.4%            4.20s  Real= 0.28,  CPU= 4.19,  System= 0.01
     16     16.411    77.0%            3.22s  Real= 0.23,  CPU= 3.45,  System= 0.00
     17     16.786    78.7%            2.99s  Real= 0.23,  CPU= 3.52,  System= 0.00
     18     17.161    80.3%            2.88s  Real= 0.24,  CPU= 3.58,  System= 0.00
     19     17.536    82.0%            2.64s  Real= 0.24,  CPU= 3.60,  System= 0.00
     20     17.911    83.6%            2.50s  Real= 0.25,  CPU= 3.58,  System= 0.01
     21     18.286    85.2%            2.34s  Real= 0.26,  CPU= 3.57,  System= 0.01
     22     18.661    86.9%            2.08s  Real= 0.26,  CPU= 3.54,  System= 0.01
     23     19.036    88.5%            1.75s  Real= 0.25,  CPU= 3.48,  System= 0.01
     24     19.411    90.2%            1.56s  Real= 0.26,  CPU= 3.48,  System= 0.01
     25     19.786    91.8%            1.30s  Real= 0.26,  CPU= 3.31,  System= 0.01
     26     20.161    93.4%            1.08s  Real= 0.27,  CPU= 3.29,  System= 0.01
     27     20.536    95.1%            0.78s  Real= 0.26,  CPU= 3.26,  System= 0.01
     28     20.911    96.7%            0.56s  Real= 0.28,  CPU= 3.21,  System= 0.01
     29     21.286    98.4%            0.27s  Real= 0.27,  CPU= 3.04,  System= 0.01
     30     21.661   100.0%            0.00s  Real= 0.27,  CPU= 3.11,  System= 0.01

Grid	Atom	Minimum   	Maximum
Map 	Type	Energy    	Energy 
		(kcal/mol)	(kcal/mol)
____	____	_____________	_____________
 1	 A	   -0.98	 2.01e+05
 2	 C	   -1.09	 2.01e+05
 3	 OA	   -1.64	 2.00e+05
 4	 N	   -1.07	 2.00e+05
 5	 S	   -1.35	 2.01e+05
 6	 HD	   -0.73	 1.06e+05
 7	 e	  -37.08	 2.92e+01	Electrostatic Potential
 8	 d	    0.00	 1.50e+00	Desolvation Potential


 * Note:  Every pairwise-atomic interaction was clamped at 100000.00


autogrid4: Successful Completion.
Real= 1.18s,  CPU= 16.26s,  System= 0.05s
