
       _______________________________________________________

__________//____________________________/////_________________/________
_________/__/____________/_____________/______________/_______/________
________/____/___________/_____________/______________________/________
________/____/__/_____/_/////___/////__/__////_/_///__/__////_/________
_______/______/_/_____/__/_____/_____/_/_____/_//___/_/_/____//________
_______////////_/_____/__/_____/_____/_/_____/_/______/_/_____/________
_______/______/_/____//__/___/_/_____/_/_____/_/______/_/____//________
_______/______/__////_/___///___/////___/////__/______/__////_/________

       _______________________________________________________

                                ______
                               /      \
                              /        \
                             /          \
                             \    /\    /
                              \  /  \  /
                               \/ /\ \/
                                 /  \
                                /____\


                ______________________________________ 
               |                                      |
               |            AutoGrid 4.2.7.x          |
               |                                      |
               |        Garrett M. Morris, TSRI       |
               |            Ruth Huey, TSRI           |
               |        David S. Goodsell, TSRI       |
               |         Arthur J. Olson, TSRI        |
               |                                      |
               |        (C) 1989-2020, TSRI           |
               |   The Scripps Research Institute     |
               |______________________________________|

                ______________________________________ 
               |                                      |
               | Calculation of van der Waals, H-Bond,|
               |   Electrostatic Potential Energy, &  |
               |   Desolvation Free Energy Grid Maps  |
               |             for AutoDock             |
               | For help, email autodock@scripps.edu |
               |______________________________________|




                           $Revision: 1.160 $
Compilation parameters:  NUM_RECEPTOR_TYPES=20 NEINT=1024
  AG_MAX_ATOMS=100000  AG_MAX_NBONDS=4 MAX_MAPS=128 NDIEL=8192 MAX_ATOM_TYPES=126
        e_vdW_Hb table allows    15876 entries of size 1024
Maximum number of maps that can be computed = 128 (defined by MAX_MAPS in "autocomm.h").
  Non-bond cutoff for internal energy calculation (SOFTNBC): 8.00
  Optimize internal energy scoring (USE_8A_NBCUTOFF):  yes
  Faster search for nearby atoms (USE_BHTREE):  no
  Run calculations in parallel if possible (_OPENMP):  yes
  Maximum number of parallel threads (MAXTHREADS): 32
This file was created at:			9:49 00" a.m., 05/29/2025
                   using:			"unknown_host"


GPF> npts 60 60 60                        # num.grid points in xyz

Number of grid points in x-direction:	61
Number of grid points in y-direction:	61
Number of grid points in z-direction:	61

GPF> gridfld receptor.maps.fld            # grid_data_file

Creating (AVS-readable) grid maps file : receptor.maps.fld

Creating (AVS-readable) grid-coordinates extrema file : receptor.maps.xyz

GPF> spacing 0.375                        # spacing(A)
Grid Spacing :			0.375 Angstrom

GPF> receptor_types A C H OA N SA HD      # receptor atom types
GPF> ligand_types A C F OA N HD           # ligand atom types
0 'A' ->'A' vdW/Hb/cov
1 'C' ->'C' vdW/Hb/cov
2 'F' ->'F' vdW/Hb/cov
3 'OA' ->'OA' vdW/Hb/cov
4 'N' ->'N' vdW/Hb/cov
5 'HD' ->'HD' vdW/Hb/cov
Allocated space for 8 gridmap objects
16 CPU threads will be used for calculation

Atom type names for ligand atom types 1-6 used for ligand-atom affinity grid maps:

			Atom type number 1 corresponds to atom type name "A".
			Atom type number 2 corresponds to atom type name "C".
			Atom type number 3 corresponds to atom type name "F".
			Atom type number 4 corresponds to atom type name "OA".
			Atom type number 5 corresponds to atom type name "N".
			Atom type number 6 corresponds to atom type name "HD".


GPF> receptor receptor.pdbqt              # macromolecule

Receptor Input File :	receptor.pdbqt

Receptor Atom Type Assignments:


Maximum partial atomic charge found = +0.665 e
Minimum partial atomic charge found = -0.648 e

Atom	Atom	Number of this Type
Type	 ID 	 in Receptor
____	____	___________________
 0	 A		   176
 1	 C		  1276
 2	 H		  1806
 3	 OA		   416
 4	 N		   387
 5	 SA		    19
 6	 HD		   503

Total number of atoms :		4583 atoms 
Total charge :			1.13 e


Receptor coordinates fit within the following volume:

                   _______(68.0, 32.3, 48.2)
                  /|     /|
                 / |    / |
                /______/  |
                |  |___|__| Midpoint = (45.7, 1.5, 21.5)
                |  /   |  /
                | /    | /
                |/_____|/
(23.4, -29.2, -5.2)      

Maximum coordinates :		(68.047, 32.311, 48.238)
Minimum coordinates :		(23.427, -29.231, -5.153)


GPF> gridcenter 37.920 5.948 16.905       # xyz-coordinates or auto

Grid maps will be centered on user-defined coordinates:

		(37.920, 5.948, 16.905)

Grid maps will cover the following volume:

                   _______(49.2, 17.2, 28.2)
                  /|     /|
                 / |    / |
                /______/  |
                |  |___|__| Midpoint = (37.9, 5.9, 16.9)
                |  /   |  /
                | /    | /
                |/_____|/
(26.7, -5.3, 5.7)      

Grid map x-dimension :		22.5 Angstroms
Grid map y-dimension :		22.5 Angstroms
Grid map z-dimension :		22.5 Angstroms

Maximum coordinates :		(49.170, 17.198, 28.155)
Minimum coordinates :		(26.670, -5.302, 5.655)

GPF> smooth 0.5                           # store minimum energy w/in rad(A)

Potentials will be smoothed by: 0.500 Angstrom

GPF> map receptor.A.map                   # atom-specific affinity map

Output Grid Map 1:   receptor.A.map

GPF> map receptor.C.map                   # atom-specific affinity map

Output Grid Map 2:   receptor.C.map

GPF> map receptor.F.map                   # atom-specific affinity map

Output Grid Map 3:   receptor.F.map

GPF> map receptor.OA.map                  # atom-specific affinity map

Output Grid Map 4:   receptor.OA.map

GPF> map receptor.N.map                   # atom-specific affinity map

Output Grid Map 5:   receptor.N.map

GPF> map receptor.HD.map                  # atom-specific affinity map

Output Grid Map 6:   receptor.HD.map

GPF> elecmap receptor.e.map               # electrostatic potential map

Output Electrostatic Potential Energy Grid Map: receptor.e.map

GPF> dsolvmap receptor.d.map              # desolvation potential map

Output Desolvation Free Energy Grid Map: receptor.d.map

GPF> dielectric -0.1465                   # <0, AD4 distance-dep.diel;>0, constant

Using *distance-dependent* dielectric function of Mehler and Solmajer, Prot.Eng.4, 903-910.


>>> Closing the grid parameter file (GPF)... <<<

________________________________________________________________________________



No Floating Grid was requested.


No Constriction Grid was requested.


Calculating Pairwise Interaction Energies
Beginning grid calculations.

Calculating 8 grids over 226981 elements, around 4583 receptor atoms.

                    Percent   Estimated Time  Time/this plane
XY-plane  Z-coord   Done      Remaining       Real, User, System
            /Ang              /sec            /sec
________  ________  ________  ______________  __________________________

    -30      5.655     1.6%           15.00s  Real= 0.25,  CPU= 4.03,  System= 0.00
    -29      6.030     3.3%           15.34s  Real= 0.26,  CPU= 4.12,  System= 0.00
    -28      6.405     4.9%           15.08s  Real= 0.26,  CPU= 4.14,  System= 0.00
    -27      6.780     6.6%           14.82s  Real= 0.26,  CPU= 4.15,  System= 0.00
    -26      7.155     8.2%           14.56s  Real= 0.26,  CPU= 4.19,  System= 0.00
    -25      7.530     9.8%           14.30s  Real= 0.26,  CPU= 4.19,  System= 0.00
    -24      7.905    11.5%           14.04s  Real= 0.26,  CPU= 4.22,  System= 0.00
    -23      8.280    13.1%           13.78s  Real= 0.26,  CPU= 4.23,  System= 0.00
    -22      8.655    14.8%           14.04s  Real= 0.27,  CPU= 4.26,  System= 0.00
    -21      9.030    16.4%           13.77s  Real= 0.27,  CPU= 4.32,  System= 0.00
    -20      9.405    18.0%           13.50s  Real= 0.27,  CPU= 4.34,  System= 0.00
    -19      9.780    19.7%           13.23s  Real= 0.27,  CPU= 4.34,  System= 0.00
    -18     10.155    21.3%           12.96s  Real= 0.27,  CPU= 4.38,  System= 0.00
    -17     10.530    23.0%           12.69s  Real= 0.27,  CPU= 4.38,  System= 0.00
    -16     10.905    24.6%           12.88s  Real= 0.28,  CPU= 4.40,  System= 0.00
    -15     11.280    26.2%           12.60s  Real= 0.28,  CPU= 4.44,  System= 0.00
    -14     11.655    27.9%           11.00s  Real= 0.25,  CPU= 3.77,  System= 0.01
    -13     12.030    29.5%           11.18s  Real= 0.26,  CPU= 3.87,  System= 0.01
    -12     12.405    31.1%           10.92s  Real= 0.26,  CPU= 3.90,  System= 0.01
    -11     12.780    32.8%           10.66s  Real= 0.26,  CPU= 3.89,  System= 0.01
    -10     13.155    34.4%           10.40s  Real= 0.26,  CPU= 3.91,  System= 0.01
     -9     13.530    36.1%           10.53s  Real= 0.27,  CPU= 3.92,  System= 0.01
     -8     13.905    37.7%           10.26s  Real= 0.27,  CPU= 3.93,  System= 0.01
     -7     14.280    39.3%            9.62s  Real= 0.26,  CPU= 3.98,  System= 0.01
     -6     14.655    41.0%            9.72s  Real= 0.27,  CPU= 4.06,  System= 0.01
     -5     15.030    42.6%            9.45s  Real= 0.27,  CPU= 4.07,  System= 0.01
     -4     15.405    44.3%            9.52s  Real= 0.28,  CPU= 4.14,  System= 0.01
     -3     15.780    45.9%            9.24s  Real= 0.28,  CPU= 4.09,  System= 0.01
     -2     16.155    47.5%            8.96s  Real= 0.28,  CPU= 4.12,  System= 0.01
     -1     16.530    49.2%            8.37s  Real= 0.27,  CPU= 4.12,  System= 0.01
      0     16.905    50.8%            8.10s  Real= 0.27,  CPU= 4.12,  System= 0.01
      1     17.280    52.5%            7.54s  Real= 0.26,  CPU= 3.82,  System= 0.00
      2     17.655    54.1%            7.28s  Real= 0.26,  CPU= 3.92,  System= 0.00
      3     18.030    55.7%            7.02s  Real= 0.26,  CPU= 3.94,  System= 0.00
      4     18.405    57.4%            7.02s  Real= 0.27,  CPU= 3.93,  System= 0.00
      5     18.780    59.0%            6.75s  Real= 0.27,  CPU= 3.94,  System= 0.00
      6     19.155    60.7%            6.24s  Real= 0.26,  CPU= 3.95,  System= 0.00
      7     19.530    62.3%            6.21s  Real= 0.27,  CPU= 4.04,  System= 0.00
      8     19.905    63.9%            5.94s  Real= 0.27,  CPU= 4.03,  System= 0.00
      9     20.280    65.6%            5.88s  Real= 0.28,  CPU= 4.08,  System= 0.00
     10     20.655    67.2%            5.60s  Real= 0.28,  CPU= 4.10,  System= 0.00
     11     21.030    68.9%            5.13s  Real= 0.27,  CPU= 4.10,  System= 0.00
     12     21.405    70.5%            4.86s  Real= 0.27,  CPU= 4.11,  System= 0.00
     13     21.780    72.1%            4.76s  Real= 0.28,  CPU= 4.14,  System= 0.00
     14     22.155    73.8%            4.48s  Real= 0.28,  CPU= 4.13,  System= 0.00
     15     22.530    75.4%            4.20s  Real= 0.28,  CPU= 4.15,  System= 0.00
     16     22.905    77.0%            3.50s  Real= 0.25,  CPU= 3.82,  System= 0.00
     17     23.280    78.7%            3.38s  Real= 0.26,  CPU= 3.88,  System= 0.00
     18     23.655    80.3%            3.12s  Real= 0.26,  CPU= 3.89,  System= 0.00
     19     24.030    82.0%            2.97s  Real= 0.27,  CPU= 3.91,  System= 0.00
     20     24.405    83.6%            2.60s  Real= 0.26,  CPU= 3.91,  System= 0.00
     21     24.780    85.2%            2.43s  Real= 0.27,  CPU= 3.89,  System= 0.00
     22     25.155    86.9%            2.08s  Real= 0.26,  CPU= 3.86,  System= 0.00
     23     25.530    88.5%            1.89s  Real= 0.27,  CPU= 3.87,  System= 0.00
     24     25.905    90.2%            1.62s  Real= 0.27,  CPU= 3.70,  System= 0.00
     25     26.280    91.8%            1.35s  Real= 0.27,  CPU= 3.77,  System= 0.00
     26     26.655    93.4%            1.08s  Real= 0.27,  CPU= 3.78,  System= 0.00
     27     27.030    95.1%            0.84s  Real= 0.28,  CPU= 3.73,  System= 0.00
     28     27.405    96.7%            0.54s  Real= 0.27,  CPU= 3.69,  System= 0.00
     29     27.780    98.4%            0.27s  Real= 0.27,  CPU= 3.68,  System= 0.00
     30     28.155   100.0%            0.00s  Real= 0.28,  CPU= 3.64,  System= 0.00

Grid	Atom	Minimum   	Maximum
Map 	Type	Energy    	Energy 
		(kcal/mol)	(kcal/mol)
____	____	_____________	_____________
 1	 A	   -0.99	 2.02e+05
 2	 C	   -1.10	 2.02e+05
 3	 F	   -0.67	 2.00e+05
 4	 OA	   -1.88	 2.00e+05
 5	 N	   -1.03	 2.00e+05
 6	 HD	   -0.73	 1.09e+05
 7	 e	  -43.33	 3.56e+01	Electrostatic Potential
 8	 d	    0.00	 1.52e+00	Desolvation Potential


 * Note:  Every pairwise-atomic interaction was clamped at 100000.00


autogrid4: Successful Completion.
Real= 1.19s,  CPU= 16.84s,  System= 0.02s
