
       _______________________________________________________

__________//____________________________/////_________________/________
_________/__/____________/_____________/______________/_______/________
________/____/___________/_____________/______________________/________
________/____/__/_____/_/////___/////__/__////_/_///__/__////_/________
_______/______/_/_____/__/_____/_____/_/_____/_//___/_/_/____//________
_______////////_/_____/__/_____/_____/_/_____/_/______/_/_____/________
_______/______/_/____//__/___/_/_____/_/_____/_/______/_/____//________
_______/______/__////_/___///___/////___/////__/______/__////_/________

       _______________________________________________________

                                ______
                               /      \
                              /        \
                             /          \
                             \    /\    /
                              \  /  \  /
                               \/ /\ \/
                                 /  \
                                /____\


                ______________________________________ 
               |                                      |
               |            AutoGrid 4.2.7.x          |
               |                                      |
               |        Garrett M. Morris, TSRI       |
               |            Ruth Huey, TSRI           |
               |        David S. Goodsell, TSRI       |
               |         Arthur J. Olson, TSRI        |
               |                                      |
               |        (C) 1989-2020, TSRI           |
               |   The Scripps Research Institute     |
               |______________________________________|

                ______________________________________ 
               |                                      |
               | Calculation of van der Waals, H-Bond,|
               |   Electrostatic Potential Energy, &  |
               |   Desolvation Free Energy Grid Maps  |
               |             for AutoDock             |
               | For help, email autodock@scripps.edu |
               |______________________________________|




                           $Revision: 1.160 $
Compilation parameters:  NUM_RECEPTOR_TYPES=20 NEINT=1024
  AG_MAX_ATOMS=100000  AG_MAX_NBONDS=4 MAX_MAPS=128 NDIEL=8192 MAX_ATOM_TYPES=126
        e_vdW_Hb table allows    15876 entries of size 1024
Maximum number of maps that can be computed = 128 (defined by MAX_MAPS in "autocomm.h").
  Non-bond cutoff for internal energy calculation (SOFTNBC): 8.00
  Optimize internal energy scoring (USE_8A_NBCUTOFF):  yes
  Faster search for nearby atoms (USE_BHTREE):  no
  Run calculations in parallel if possible (_OPENMP):  yes
  Maximum number of parallel threads (MAXTHREADS): 32
This file was created at:			9:48 52" a.m., 05/29/2025
                   using:			"unknown_host"


GPF> npts 60 60 60                        # num.grid points in xyz

Number of grid points in x-direction:	61
Number of grid points in y-direction:	61
Number of grid points in z-direction:	61

GPF> gridfld receptor.maps.fld            # grid_data_file

Creating (AVS-readable) grid maps file : receptor.maps.fld

Creating (AVS-readable) grid-coordinates extrema file : receptor.maps.xyz

GPF> spacing 0.375                        # spacing(A)
Grid Spacing :			0.375 Angstrom

GPF> receptor_types A C H OA N SA HD      # receptor atom types
GPF> ligand_types A C OA HD N             # ligand atom types
0 'A' ->'A' vdW/Hb/cov
1 'C' ->'C' vdW/Hb/cov
2 'OA' ->'OA' vdW/Hb/cov
3 'HD' ->'HD' vdW/Hb/cov
4 'N' ->'N' vdW/Hb/cov
Allocated space for 7 gridmap objects
16 CPU threads will be used for calculation

Atom type names for ligand atom types 1-5 used for ligand-atom affinity grid maps:

			Atom type number 1 corresponds to atom type name "A".
			Atom type number 2 corresponds to atom type name "C".
			Atom type number 3 corresponds to atom type name "OA".
			Atom type number 4 corresponds to atom type name "HD".
			Atom type number 5 corresponds to atom type name "N".


GPF> receptor receptor.pdbqt              # macromolecule

Receptor Input File :	receptor.pdbqt

Receptor Atom Type Assignments:


Maximum partial atomic charge found = +0.665 e
Minimum partial atomic charge found = -0.648 e

Atom	Atom	Number of this Type
Type	 ID 	 in Receptor
____	____	___________________
 0	 A		   206
 1	 C		  1198
 2	 H		  1694
 3	 OA		   405
 4	 N		   365
 5	 SA		    12
 6	 HD		   469

Total number of atoms :		4349 atoms 
Total charge :			-8.88 e


Receptor coordinates fit within the following volume:

                   _______(43.2, 79.0, 105.8)
                  /|     /|
                 / |    / |
                /______/  |
                |  |___|__| Midpoint = (18.6, 46.4, 79.4)
                |  /   |  /
                | /    | /
                |/_____|/
(-5.9, 13.9, 53.0)      

Maximum coordinates :		(43.155, 79.011, 105.837)
Minimum coordinates :		(-5.920, 13.863, 52.965)


GPF> gridcenter 25.698 38.916 84.278      # xyz-coordinates or auto

Grid maps will be centered on user-defined coordinates:

		(25.698, 38.916, 84.278)

Grid maps will cover the following volume:

                   _______(36.9, 50.2, 95.5)
                  /|     /|
                 / |    / |
                /______/  |
                |  |___|__| Midpoint = (25.7, 38.9, 84.3)
                |  /   |  /
                | /    | /
                |/_____|/
(14.4, 27.7, 73.0)      

Grid map x-dimension :		22.5 Angstroms
Grid map y-dimension :		22.5 Angstroms
Grid map z-dimension :		22.5 Angstroms

Maximum coordinates :		(36.948, 50.166, 95.528)
Minimum coordinates :		(14.448, 27.666, 73.028)

GPF> smooth 0.5                           # store minimum energy w/in rad(A)

Potentials will be smoothed by: 0.500 Angstrom

GPF> map receptor.A.map                   # atom-specific affinity map

Output Grid Map 1:   receptor.A.map

GPF> map receptor.C.map                   # atom-specific affinity map

Output Grid Map 2:   receptor.C.map

GPF> map receptor.OA.map                  # atom-specific affinity map

Output Grid Map 3:   receptor.OA.map

GPF> map receptor.HD.map                  # atom-specific affinity map

Output Grid Map 4:   receptor.HD.map

GPF> map receptor.N.map                   # atom-specific affinity map

Output Grid Map 5:   receptor.N.map

GPF> elecmap receptor.e.map               # electrostatic potential map

Output Electrostatic Potential Energy Grid Map: receptor.e.map

GPF> dsolvmap receptor.d.map              # desolvation potential map

Output Desolvation Free Energy Grid Map: receptor.d.map

GPF> dielectric -0.1465                   # <0, AD4 distance-dep.diel;>0, constant

Using *distance-dependent* dielectric function of Mehler and Solmajer, Prot.Eng.4, 903-910.


>>> Closing the grid parameter file (GPF)... <<<

________________________________________________________________________________



No Floating Grid was requested.


No Constriction Grid was requested.


Calculating Pairwise Interaction Energies
Beginning grid calculations.

Calculating 7 grids over 226981 elements, around 4349 receptor atoms.

                    Percent   Estimated Time  Time/this plane
XY-plane  Z-coord   Done      Remaining       Real, User, System
            /Ang              /sec            /sec
________  ________  ________  ______________  __________________________

    -30     73.028     1.6%           14.40s  Real= 0.24,  CPU= 3.52,  System= 0.01
    -29     73.403     3.3%           14.16s  Real= 0.24,  CPU= 3.57,  System= 0.01
    -28     73.778     4.9%           13.92s  Real= 0.24,  CPU= 3.61,  System= 0.01
    -27     74.153     6.6%           14.25s  Real= 0.25,  CPU= 3.67,  System= 0.01
    -26     74.528     8.2%           14.00s  Real= 0.25,  CPU= 3.72,  System= 0.01
    -25     74.903     9.8%           13.75s  Real= 0.25,  CPU= 3.73,  System= 0.01
    -24     75.278    11.5%           13.50s  Real= 0.25,  CPU= 3.75,  System= 0.01
    -23     75.653    13.1%           13.25s  Real= 0.25,  CPU= 3.76,  System= 0.01
    -22     76.028    14.8%           13.52s  Real= 0.26,  CPU= 3.79,  System= 0.01
    -21     76.403    16.4%           13.26s  Real= 0.26,  CPU= 3.81,  System= 0.01
    -20     76.778    18.0%           13.00s  Real= 0.26,  CPU= 3.87,  System= 0.01
    -19     77.153    19.7%           12.74s  Real= 0.26,  CPU= 3.90,  System= 0.01
    -18     77.528    21.3%           12.48s  Real= 0.26,  CPU= 3.93,  System= 0.01
    -17     77.903    23.0%           12.69s  Real= 0.27,  CPU= 3.94,  System= 0.01
    -16     78.278    24.6%           20.24s  Real= 0.44,  CPU= 6.46,  System= 0.01
    -15     78.653    26.2%           10.80s  Real= 0.24,  CPU= 3.57,  System= 0.00
    -14     79.028    27.9%           10.56s  Real= 0.24,  CPU= 3.61,  System= 0.00
    -13     79.403    29.5%           20.64s  Real= 0.48,  CPU= 7.22,  System= 0.01
    -12     79.778    31.1%           10.50s  Real= 0.25,  CPU= 3.67,  System= 0.00
    -11     80.153    32.8%            9.84s  Real= 0.24,  CPU= 3.71,  System= 0.00
    -10     80.528    34.4%           10.00s  Real= 0.25,  CPU= 3.75,  System= 0.00
     -9     80.903    36.1%            9.75s  Real= 0.25,  CPU= 3.77,  System= 0.00
     -8     81.278    37.7%            9.88s  Real= 0.26,  CPU= 3.79,  System= 0.00
     -7     81.653    39.3%            9.62s  Real= 0.26,  CPU= 3.81,  System= 0.00
     -6     82.028    41.0%            9.00s  Real= 0.25,  CPU= 3.82,  System= 0.00
     -5     82.403    42.6%            8.75s  Real= 0.25,  CPU= 3.85,  System= 0.00
     -4     82.778    44.3%            8.84s  Real= 0.26,  CPU= 3.89,  System= 0.00
     -3     83.153    45.9%            8.91s  Real= 0.27,  CPU= 3.98,  System= 0.00
     -2     83.528    47.5%            8.32s  Real= 0.26,  CPU= 3.99,  System= 0.00
     -1     83.903    49.2%            9.30s  Real= 0.30,  CPU= 4.43,  System= 0.00
      0     84.278    50.8%            6.90s  Real= 0.23,  CPU= 3.55,  System= 0.00
      1     84.653    52.5%            6.96s  Real= 0.24,  CPU= 3.62,  System= 0.00
      2     85.028    54.1%            6.72s  Real= 0.24,  CPU= 3.64,  System= 0.00
      3     85.403    55.7%            6.75s  Real= 0.25,  CPU= 3.69,  System= 0.00
      4     85.778    57.4%            7.02s  Real= 0.27,  CPU= 3.97,  System= 0.00
      5     86.153    59.0%            6.25s  Real= 0.25,  CPU= 3.76,  System= 0.00
      6     86.528    60.7%            6.00s  Real= 0.25,  CPU= 3.75,  System= 0.00
      7     86.903    62.3%            5.75s  Real= 0.25,  CPU= 3.77,  System= 0.00
      8     87.278    63.9%            5.50s  Real= 0.25,  CPU= 3.80,  System= 0.00
      9     87.653    65.6%            5.46s  Real= 0.26,  CPU= 3.85,  System= 0.00
     10     88.028    67.2%            5.20s  Real= 0.26,  CPU= 3.85,  System= 0.00
     11     88.403    68.9%            4.94s  Real= 0.26,  CPU= 3.90,  System= 0.00
     12     88.778    70.5%            4.86s  Real= 0.27,  CPU= 3.97,  System= 0.00
     13     89.153    72.1%            4.59s  Real= 0.27,  CPU= 3.98,  System= 0.00
     14     89.528    73.8%            4.16s  Real= 0.26,  CPU= 3.94,  System= 0.00
     15     89.903    75.4%            3.60s  Real= 0.24,  CPU= 3.55,  System= 0.00
     16     90.278    77.0%            3.36s  Real= 0.24,  CPU= 3.58,  System= 0.00
     17     90.653    78.7%            3.12s  Real= 0.24,  CPU= 3.61,  System= 0.00
     18     91.028    80.3%            3.00s  Real= 0.25,  CPU= 3.61,  System= 0.00
     19     91.403    82.0%            2.75s  Real= 0.25,  CPU= 3.61,  System= 0.00
     20     91.778    83.6%            2.50s  Real= 0.25,  CPU= 3.62,  System= 0.00
     21     92.153    85.2%            2.25s  Real= 0.25,  CPU= 3.59,  System= 0.00
     22     92.528    86.9%            2.00s  Real= 0.25,  CPU= 3.60,  System= 0.00
     23     92.903    88.5%            1.82s  Real= 0.26,  CPU= 3.78,  System= 0.00
     24     93.278    90.2%            1.50s  Real= 0.25,  CPU= 3.55,  System= 0.00
     25     93.653    91.8%            1.25s  Real= 0.25,  CPU= 3.54,  System= 0.00
     26     94.028    93.4%            1.04s  Real= 0.26,  CPU= 3.46,  System= 0.00
     27     94.403    95.1%            0.78s  Real= 0.26,  CPU= 3.31,  System= 0.00
     28     94.778    96.7%            0.52s  Real= 0.26,  CPU= 3.30,  System= 0.00
     29     95.153    98.4%            0.26s  Real= 0.26,  CPU= 2.98,  System= 0.00
     30     95.528   100.0%            0.00s  Real= 0.25,  CPU= 0.47,  System= 0.00

Grid	Atom	Minimum   	Maximum
Map 	Type	Energy    	Energy 
		(kcal/mol)	(kcal/mol)
____	____	_____________	_____________
 1	 A	   -0.94	 2.01e+05
 2	 C	   -1.05	 2.01e+05
 3	 OA	   -1.67	 2.00e+05
 4	 HD	   -0.73	 1.07e+05
 5	 N	   -1.04	 2.00e+05
 6	 e	  -39.85	 2.79e+01	Electrostatic Potential
 7	 d	    0.00	 1.50e+00	Desolvation Potential


 * Note:  Every pairwise-atomic interaction was clamped at 100000.00


autogrid4: Successful Completion.
Real= 1.34s,  CPU= 15.86s,  System= 0.03s
