
       _______________________________________________________

__________//____________________________/////_________________/________
_________/__/____________/_____________/______________/_______/________
________/____/___________/_____________/______________________/________
________/____/__/_____/_/////___/////__/__////_/_///__/__////_/________
_______/______/_/_____/__/_____/_____/_/_____/_//___/_/_/____//________
_______////////_/_____/__/_____/_____/_/_____/_/______/_/_____/________
_______/______/_/____//__/___/_/_____/_/_____/_/______/_/____//________
_______/______/__////_/___///___/////___/////__/______/__////_/________

       _______________________________________________________

                                ______
                               /      \
                              /        \
                             /          \
                             \    /\    /
                              \  /  \  /
                               \/ /\ \/
                                 /  \
                                /____\


                ______________________________________ 
               |                                      |
               |            AutoGrid 4.2.7.x          |
               |                                      |
               |        Garrett M. Morris, TSRI       |
               |            Ruth Huey, TSRI           |
               |        David S. Goodsell, TSRI       |
               |         Arthur J. Olson, TSRI        |
               |                                      |
               |        (C) 1989-2020, TSRI           |
               |   The Scripps Research Institute     |
               |______________________________________|

                ______________________________________ 
               |                                      |
               | Calculation of van der Waals, H-Bond,|
               |   Electrostatic Potential Energy, &  |
               |   Desolvation Free Energy Grid Maps  |
               |             for AutoDock             |
               | For help, email autodock@scripps.edu |
               |______________________________________|




                           $Revision: 1.160 $
Compilation parameters:  NUM_RECEPTOR_TYPES=20 NEINT=1024
  AG_MAX_ATOMS=100000  AG_MAX_NBONDS=4 MAX_MAPS=128 NDIEL=8192 MAX_ATOM_TYPES=126
        e_vdW_Hb table allows    15876 entries of size 1024
Maximum number of maps that can be computed = 128 (defined by MAX_MAPS in "autocomm.h").
  Non-bond cutoff for internal energy calculation (SOFTNBC): 8.00
  Optimize internal energy scoring (USE_8A_NBCUTOFF):  yes
  Faster search for nearby atoms (USE_BHTREE):  no
  Run calculations in parallel if possible (_OPENMP):  yes
  Maximum number of parallel threads (MAXTHREADS): 32
This file was created at:			9:48 57" a.m., 05/29/2025
                   using:			"unknown_host"


GPF> npts 60 60 60                        # num.grid points in xyz

Number of grid points in x-direction:	61
Number of grid points in y-direction:	61
Number of grid points in z-direction:	61

GPF> gridfld receptor.maps.fld            # grid_data_file

Creating (AVS-readable) grid maps file : receptor.maps.fld

Creating (AVS-readable) grid-coordinates extrema file : receptor.maps.xyz

GPF> spacing 0.375                        # spacing(A)
Grid Spacing :			0.375 Angstrom

GPF> receptor_types A C H OA N SA HD      # receptor atom types
GPF> ligand_types A C Cl OA N             # ligand atom types
0 'A' ->'A' vdW/Hb/cov
1 'C' ->'C' vdW/Hb/cov
2 'Cl' ->'Cl' vdW/Hb/cov
3 'OA' ->'OA' vdW/Hb/cov
4 'N' ->'N' vdW/Hb/cov
Allocated space for 7 gridmap objects
16 CPU threads will be used for calculation

Atom type names for ligand atom types 1-5 used for ligand-atom affinity grid maps:

			Atom type number 1 corresponds to atom type name "A".
			Atom type number 2 corresponds to atom type name "C".
			Atom type number 3 corresponds to atom type name "Cl".
			Atom type number 4 corresponds to atom type name "OA".
			Atom type number 5 corresponds to atom type name "N".


GPF> receptor receptor.pdbqt              # macromolecule

Receptor Input File :	receptor.pdbqt

Receptor Atom Type Assignments:


Maximum partial atomic charge found = +0.665 e
Minimum partial atomic charge found = -0.648 e

Atom	Atom	Number of this Type
Type	 ID 	 in Receptor
____	____	___________________
 0	 A		   206
 1	 C		  1207
 2	 H		  1760
 3	 OA		   380
 4	 N		   365
 5	 SA		    18
 6	 HD		   507

Total number of atoms :		4443 atoms 
Total charge :			20.17 e


Receptor coordinates fit within the following volume:

                   _______(63.3, 40.5, 61.6)
                  /|     /|
                 / |    / |
                /______/  |
                |  |___|__| Midpoint = (41.1, 15.8, 30.6)
                |  /   |  /
                | /    | /
                |/_____|/
(19.0, -8.8, -0.4)      

Maximum coordinates :		(63.286, 40.469, 61.571)
Minimum coordinates :		(18.980, -8.843, -0.376)


GPF> gridcenter 47.705 7.326 31.547       # xyz-coordinates or auto

Grid maps will be centered on user-defined coordinates:

		(47.705, 7.326, 31.547)

Grid maps will cover the following volume:

                   _______(59.0, 18.6, 42.8)
                  /|     /|
                 / |    / |
                /______/  |
                |  |___|__| Midpoint = (47.7, 7.3, 31.5)
                |  /   |  /
                | /    | /
                |/_____|/
(36.5, -3.9, 20.3)      

Grid map x-dimension :		22.5 Angstroms
Grid map y-dimension :		22.5 Angstroms
Grid map z-dimension :		22.5 Angstroms

Maximum coordinates :		(58.955, 18.576, 42.797)
Minimum coordinates :		(36.455, -3.924, 20.297)

GPF> smooth 0.5                           # store minimum energy w/in rad(A)

Potentials will be smoothed by: 0.500 Angstrom

GPF> map receptor.A.map                   # atom-specific affinity map

Output Grid Map 1:   receptor.A.map

GPF> map receptor.C.map                   # atom-specific affinity map

Output Grid Map 2:   receptor.C.map

GPF> map receptor.Cl.map                  # atom-specific affinity map

Output Grid Map 3:   receptor.Cl.map

GPF> map receptor.OA.map                  # atom-specific affinity map

Output Grid Map 4:   receptor.OA.map

GPF> map receptor.N.map                   # atom-specific affinity map

Output Grid Map 5:   receptor.N.map

GPF> elecmap receptor.e.map               # electrostatic potential map

Output Electrostatic Potential Energy Grid Map: receptor.e.map

GPF> dsolvmap receptor.d.map              # desolvation potential map

Output Desolvation Free Energy Grid Map: receptor.d.map

GPF> dielectric -0.1465                   # <0, AD4 distance-dep.diel;>0, constant

Using *distance-dependent* dielectric function of Mehler and Solmajer, Prot.Eng.4, 903-910.


>>> Closing the grid parameter file (GPF)... <<<

________________________________________________________________________________



No Floating Grid was requested.


No Constriction Grid was requested.


Calculating Pairwise Interaction Energies
Beginning grid calculations.

Calculating 7 grids over 226981 elements, around 4443 receptor atoms.

                    Percent   Estimated Time  Time/this plane
XY-plane  Z-coord   Done      Remaining       Real, User, System
            /Ang              /sec            /sec
________  ________  ________  ______________  __________________________

    -30     20.297     1.6%           15.00s  Real= 0.25,  CPU= 3.89,  System= 0.00
    -29     20.672     3.3%           14.75s  Real= 0.25,  CPU= 3.90,  System= 0.00
    -28     21.047     4.9%           14.50s  Real= 0.25,  CPU= 3.90,  System= 0.00
    -27     21.422     6.6%           14.25s  Real= 0.25,  CPU= 3.90,  System= 0.00
    -26     21.797     8.2%           14.00s  Real= 0.25,  CPU= 3.93,  System= 0.00
    -25     22.172     9.8%           13.75s  Real= 0.25,  CPU= 3.95,  System= 0.00
    -24     22.547    11.5%           13.50s  Real= 0.25,  CPU= 3.95,  System= 0.00
    -23     22.922    13.1%           13.78s  Real= 0.26,  CPU= 4.05,  System= 0.00
    -22     23.297    14.8%           13.52s  Real= 0.26,  CPU= 4.07,  System= 0.00
    -21     23.672    16.4%           13.26s  Real= 0.26,  CPU= 4.07,  System= 0.00
    -20     24.047    18.0%           13.00s  Real= 0.26,  CPU= 4.07,  System= 0.00
    -19     24.422    19.7%           12.74s  Real= 0.26,  CPU= 4.08,  System= 0.00
    -18     24.797    21.3%           12.48s  Real= 0.26,  CPU= 4.08,  System= 0.00
    -17     25.172    23.0%           12.22s  Real= 0.26,  CPU= 4.10,  System= 0.00
    -16     25.547    24.6%           11.96s  Real= 0.26,  CPU= 4.10,  System= 0.00
    -15     25.922    26.2%           14.40s  Real= 0.32,  CPU= 4.97,  System= 0.00
    -14     26.297    27.9%           11.00s  Real= 0.25,  CPU= 3.72,  System= 0.01
    -13     26.672    29.5%           10.75s  Real= 0.25,  CPU= 3.72,  System= 0.01
    -12     27.047    31.1%           10.50s  Real= 0.25,  CPU= 3.75,  System= 0.01
    -11     27.422    32.8%           10.66s  Real= 0.26,  CPU= 3.76,  System= 0.01
    -10     27.797    34.4%           10.40s  Real= 0.26,  CPU= 3.74,  System= 0.01
     -9     28.172    36.1%           10.53s  Real= 0.27,  CPU= 3.89,  System= 0.01
     -8     28.547    37.7%            9.88s  Real= 0.26,  CPU= 3.88,  System= 0.01
     -7     28.922    39.3%            9.62s  Real= 0.26,  CPU= 3.87,  System= 0.01
     -6     29.297    41.0%            9.36s  Real= 0.26,  CPU= 3.88,  System= 0.01
     -5     29.672    42.6%            9.10s  Real= 0.26,  CPU= 3.88,  System= 0.01
     -4     30.047    44.3%            8.84s  Real= 0.26,  CPU= 3.89,  System= 0.01
     -3     30.422    45.9%            8.91s  Real= 0.27,  CPU= 3.93,  System= 0.01
     -2     30.797    47.5%            8.64s  Real= 0.27,  CPU= 3.92,  System= 0.01
     -1     31.172    49.2%            8.37s  Real= 0.27,  CPU= 3.95,  System= 0.01
      0     31.547    50.8%            7.80s  Real= 0.26,  CPU= 3.76,  System= 0.01
      1     31.922    52.5%            7.25s  Real= 0.25,  CPU= 3.70,  System= 0.00
      2     32.297    54.1%            7.00s  Real= 0.25,  CPU= 3.71,  System= 0.00
      3     32.672    55.7%            6.75s  Real= 0.25,  CPU= 3.71,  System= 0.00
      4     33.047    57.4%            6.50s  Real= 0.25,  CPU= 3.75,  System= 0.00
      5     33.422    59.0%            6.25s  Real= 0.25,  CPU= 3.73,  System= 0.00
      6     33.797    60.7%            6.24s  Real= 0.26,  CPU= 3.91,  System= 0.00
      7     34.172    62.3%            5.98s  Real= 0.26,  CPU= 3.87,  System= 0.00
      8     34.547    63.9%            5.72s  Real= 0.26,  CPU= 3.88,  System= 0.00
      9     34.922    65.6%            5.46s  Real= 0.26,  CPU= 3.89,  System= 0.00
     10     35.297    67.2%            5.20s  Real= 0.26,  CPU= 3.88,  System= 0.00
     11     35.672    68.9%            5.13s  Real= 0.27,  CPU= 3.90,  System= 0.00
     12     36.047    70.5%            4.68s  Real= 0.26,  CPU= 3.87,  System= 0.00
     13     36.422    72.1%            4.42s  Real= 0.26,  CPU= 3.91,  System= 0.00
     14     36.797    73.8%            4.16s  Real= 0.26,  CPU= 3.91,  System= 0.00
     15     37.172    75.4%            3.60s  Real= 0.24,  CPU= 3.70,  System= 0.00
     16     37.547    77.0%            3.50s  Real= 0.25,  CPU= 3.71,  System= 0.00
     17     37.922    78.7%            3.25s  Real= 0.25,  CPU= 3.70,  System= 0.00
     18     38.297    80.3%            3.00s  Real= 0.25,  CPU= 3.73,  System= 0.00
     19     38.672    82.0%            2.75s  Real= 0.25,  CPU= 3.75,  System= 0.00
     20     39.047    83.6%            2.50s  Real= 0.25,  CPU= 3.67,  System= 0.00
     21     39.422    85.2%            2.25s  Real= 0.25,  CPU= 3.72,  System= 0.00
     22     39.797    86.9%            2.08s  Real= 0.26,  CPU= 3.69,  System= 0.00
     23     40.172    88.5%            1.82s  Real= 0.26,  CPU= 3.68,  System= 0.00
     24     40.547    90.2%            1.56s  Real= 0.26,  CPU= 3.69,  System= 0.00
     25     40.922    91.8%            1.30s  Real= 0.26,  CPU= 3.69,  System= 0.00
     26     41.297    93.4%            1.00s  Real= 0.25,  CPU= 3.67,  System= 0.00
     27     41.672    95.1%            0.75s  Real= 0.25,  CPU= 3.67,  System= 0.00
     28     42.047    96.7%            0.52s  Real= 0.26,  CPU= 3.64,  System= 0.00
     29     42.422    98.4%            0.26s  Real= 0.26,  CPU= 3.62,  System= 0.00
     30     42.797   100.0%            0.00s  Real= 0.25,  CPU= 3.16,  System= 0.00

Grid	Atom	Minimum   	Maximum
Map 	Type	Energy    	Energy 
		(kcal/mol)	(kcal/mol)
____	____	_____________	_____________
 1	 A	   -0.84	 2.02e+05
 2	 C	   -0.95	 2.02e+05
 3	 Cl	   -1.24	 2.03e+05
 4	 OA	   -2.02	 2.00e+05
 5	 N	   -1.00	 2.00e+05
 6	 e	  -35.06	 2.89e+01	Electrostatic Potential
 7	 d	    0.00	 1.48e+00	Desolvation Potential


 * Note:  Every pairwise-atomic interaction was clamped at 100000.00


autogrid4: Successful Completion.
Real= 1.13s,  CPU= 16.01s,  System= 0.02s
