
       _______________________________________________________

__________//____________________________/////_________________/________
_________/__/____________/_____________/______________/_______/________
________/____/___________/_____________/______________________/________
________/____/__/_____/_/////___/////__/__////_/_///__/__////_/________
_______/______/_/_____/__/_____/_____/_/_____/_//___/_/_/____//________
_______////////_/_____/__/_____/_____/_/_____/_/______/_/_____/________
_______/______/_/____//__/___/_/_____/_/_____/_/______/_/____//________
_______/______/__////_/___///___/////___/////__/______/__////_/________

       _______________________________________________________

                                ______
                               /      \
                              /        \
                             /          \
                             \    /\    /
                              \  /  \  /
                               \/ /\ \/
                                 /  \
                                /____\


                ______________________________________ 
               |                                      |
               |            AutoGrid 4.2.7.x          |
               |                                      |
               |        Garrett M. Morris, TSRI       |
               |            Ruth Huey, TSRI           |
               |        David S. Goodsell, TSRI       |
               |         Arthur J. Olson, TSRI        |
               |                                      |
               |        (C) 1989-2020, TSRI           |
               |   The Scripps Research Institute     |
               |______________________________________|

                ______________________________________ 
               |                                      |
               | Calculation of van der Waals, H-Bond,|
               |   Electrostatic Potential Energy, &  |
               |   Desolvation Free Energy Grid Maps  |
               |             for AutoDock             |
               | For help, email autodock@scripps.edu |
               |______________________________________|




                           $Revision: 1.160 $
Compilation parameters:  NUM_RECEPTOR_TYPES=20 NEINT=1024
  AG_MAX_ATOMS=100000  AG_MAX_NBONDS=4 MAX_MAPS=128 NDIEL=8192 MAX_ATOM_TYPES=126
        e_vdW_Hb table allows    15876 entries of size 1024
Maximum number of maps that can be computed = 128 (defined by MAX_MAPS in "autocomm.h").
  Non-bond cutoff for internal energy calculation (SOFTNBC): 8.00
  Optimize internal energy scoring (USE_8A_NBCUTOFF):  yes
  Faster search for nearby atoms (USE_BHTREE):  no
  Run calculations in parallel if possible (_OPENMP):  yes
  Maximum number of parallel threads (MAXTHREADS): 32
This file was created at:			9:48 43" a.m., 05/29/2025
                   using:			"unknown_host"


GPF> npts 60 60 60                        # num.grid points in xyz

Number of grid points in x-direction:	61
Number of grid points in y-direction:	61
Number of grid points in z-direction:	61

GPF> gridfld receptor.maps.fld            # grid_data_file

Creating (AVS-readable) grid maps file : receptor.maps.fld

Creating (AVS-readable) grid-coordinates extrema file : receptor.maps.xyz

GPF> spacing 0.375                        # spacing(A)
Grid Spacing :			0.375 Angstrom

GPF> receptor_types A C H OA N SA HD      # receptor atom types
GPF> ligand_types A C OA HD N             # ligand atom types
0 'A' ->'A' vdW/Hb/cov
1 'C' ->'C' vdW/Hb/cov
2 'OA' ->'OA' vdW/Hb/cov
3 'HD' ->'HD' vdW/Hb/cov
4 'N' ->'N' vdW/Hb/cov
Allocated space for 7 gridmap objects
16 CPU threads will be used for calculation

Atom type names for ligand atom types 1-5 used for ligand-atom affinity grid maps:

			Atom type number 1 corresponds to atom type name "A".
			Atom type number 2 corresponds to atom type name "C".
			Atom type number 3 corresponds to atom type name "OA".
			Atom type number 4 corresponds to atom type name "HD".
			Atom type number 5 corresponds to atom type name "N".


GPF> receptor receptor.pdbqt              # macromolecule

Receptor Input File :	receptor.pdbqt

Receptor Atom Type Assignments:


Maximum partial atomic charge found = +0.665 e
Minimum partial atomic charge found = -0.648 e

Atom	Atom	Number of this Type
Type	 ID 	 in Receptor
____	____	___________________
 0	 A		   199
 1	 C		  1300
 2	 H		  1818
 3	 OA		   443
 4	 N		   394
 5	 SA		    22
 6	 HD		   512

Total number of atoms :		4688 atoms 
Total charge :			-7.88 e


Receptor coordinates fit within the following volume:

                   _______(41.9, 20.8, 41.3)
                  /|     /|
                 / |    / |
                /______/  |
                |  |___|__| Midpoint = (11.8, -1.7, 15.2)
                |  /   |  /
                | /    | /
                |/_____|/
(-18.4, -24.2, -10.9)      

Maximum coordinates :		(41.948, 20.774, 41.328)
Minimum coordinates :		(-18.446, -24.195, -10.912)


GPF> gridcenter 5.350 -6.426 20.902       # xyz-coordinates or auto

Grid maps will be centered on user-defined coordinates:

		(5.350, -6.426, 20.902)

Grid maps will cover the following volume:

                   _______(16.6, 4.8, 32.2)
                  /|     /|
                 / |    / |
                /______/  |
                |  |___|__| Midpoint = (5.3, -6.4, 20.9)
                |  /   |  /
                | /    | /
                |/_____|/
(-5.9, -17.7, 9.7)      

Grid map x-dimension :		22.5 Angstroms
Grid map y-dimension :		22.5 Angstroms
Grid map z-dimension :		22.5 Angstroms

Maximum coordinates :		(16.600, 4.824, 32.152)
Minimum coordinates :		(-5.900, -17.676, 9.652)

GPF> smooth 0.5                           # store minimum energy w/in rad(A)

Potentials will be smoothed by: 0.500 Angstrom

GPF> map receptor.A.map                   # atom-specific affinity map

Output Grid Map 1:   receptor.A.map

GPF> map receptor.C.map                   # atom-specific affinity map

Output Grid Map 2:   receptor.C.map

GPF> map receptor.OA.map                  # atom-specific affinity map

Output Grid Map 3:   receptor.OA.map

GPF> map receptor.HD.map                  # atom-specific affinity map

Output Grid Map 4:   receptor.HD.map

GPF> map receptor.N.map                   # atom-specific affinity map

Output Grid Map 5:   receptor.N.map

GPF> elecmap receptor.e.map               # electrostatic potential map

Output Electrostatic Potential Energy Grid Map: receptor.e.map

GPF> dsolvmap receptor.d.map              # desolvation potential map

Output Desolvation Free Energy Grid Map: receptor.d.map

GPF> dielectric -0.1465                   # <0, AD4 distance-dep.diel;>0, constant

Using *distance-dependent* dielectric function of Mehler and Solmajer, Prot.Eng.4, 903-910.


>>> Closing the grid parameter file (GPF)... <<<

________________________________________________________________________________



No Floating Grid was requested.


No Constriction Grid was requested.


Calculating Pairwise Interaction Energies
Beginning grid calculations.

Calculating 7 grids over 226981 elements, around 4688 receptor atoms.

                    Percent   Estimated Time  Time/this plane
XY-plane  Z-coord   Done      Remaining       Real, User, System
            /Ang              /sec            /sec
________  ________  ________  ______________  __________________________

    -30      9.652     1.6%           15.60s  Real= 0.26,  CPU= 4.12,  System= 0.00
    -29     10.027     3.3%           15.34s  Real= 0.26,  CPU= 4.19,  System= 0.00
    -28     10.402     4.9%           15.66s  Real= 0.27,  CPU= 4.23,  System= 0.00
    -27     10.777     6.6%           15.39s  Real= 0.27,  CPU= 4.28,  System= 0.00
    -26     11.152     8.2%           15.12s  Real= 0.27,  CPU= 4.34,  System= 0.00
    -25     11.527     9.8%           14.85s  Real= 0.27,  CPU= 4.34,  System= 0.00
    -24     11.902    11.5%           15.12s  Real= 0.28,  CPU= 4.36,  System= 0.00
    -23     12.277    13.1%           14.84s  Real= 0.28,  CPU= 4.39,  System= 0.00
    -22     12.652    14.8%           14.56s  Real= 0.28,  CPU= 4.39,  System= 0.00
    -21     13.027    16.4%           14.28s  Real= 0.28,  CPU= 4.39,  System= 0.00
    -20     13.402    18.0%           14.00s  Real= 0.28,  CPU= 4.45,  System= 0.00
    -19     13.777    19.7%           14.21s  Real= 0.29,  CPU= 4.51,  System= 0.00
    -18     14.152    21.3%           13.92s  Real= 0.29,  CPU= 4.52,  System= 0.00
    -17     14.527    23.0%           13.63s  Real= 0.29,  CPU= 4.57,  System= 0.00
    -16     14.902    24.6%           13.34s  Real= 0.29,  CPU= 4.57,  System= 0.00
    -15     15.277    26.2%           13.05s  Real= 0.29,  CPU= 4.57,  System= 0.00
    -14     15.652    27.9%           11.44s  Real= 0.26,  CPU= 3.85,  System= 0.00
    -13     16.027    29.5%           11.18s  Real= 0.26,  CPU= 3.92,  System= 0.00
    -12     16.402    31.1%           11.34s  Real= 0.27,  CPU= 3.97,  System= 0.00
    -11     16.777    32.8%           11.07s  Real= 0.27,  CPU= 4.04,  System= 0.00
    -10     17.152    34.4%           11.20s  Real= 0.28,  CPU= 4.10,  System= 0.00
     -9     17.527    36.1%           10.53s  Real= 0.27,  CPU= 4.08,  System= 0.00
     -8     17.902    37.7%           10.26s  Real= 0.27,  CPU= 4.06,  System= 0.00
     -7     18.277    39.3%            9.99s  Real= 0.27,  CPU= 4.09,  System= 0.00
     -6     18.652    41.0%            9.72s  Real= 0.27,  CPU= 4.13,  System= 0.00
     -5     19.027    42.6%            9.80s  Real= 0.28,  CPU= 4.16,  System= 0.00
     -4     19.402    44.3%            9.52s  Real= 0.28,  CPU= 4.23,  System= 0.00
     -3     19.777    45.9%            9.24s  Real= 0.28,  CPU= 4.22,  System= 0.00
     -2     20.152    47.5%            9.28s  Real= 0.29,  CPU= 4.26,  System= 0.00
     -1     20.527    49.2%            8.99s  Real= 0.29,  CPU= 4.29,  System= 0.00
      0     20.902    50.8%            8.70s  Real= 0.29,  CPU= 4.36,  System= 0.00
      1     21.277    52.5%            7.25s  Real= 0.25,  CPU= 3.82,  System= 0.00
      2     21.652    54.1%            7.28s  Real= 0.26,  CPU= 3.94,  System= 0.00
      3     22.027    55.7%            7.02s  Real= 0.26,  CPU= 3.97,  System= 0.00
      4     22.402    57.4%            7.02s  Real= 0.27,  CPU= 4.01,  System= 0.00
      5     22.777    59.0%            6.75s  Real= 0.27,  CPU= 4.07,  System= 0.00
      6     23.152    60.7%            6.48s  Real= 0.27,  CPU= 4.12,  System= 0.00
      7     23.527    62.3%            6.44s  Real= 0.28,  CPU= 4.10,  System= 0.00
      8     23.902    63.9%            6.16s  Real= 0.28,  CPU= 4.19,  System= 0.00
      9     24.277    65.6%            5.88s  Real= 0.28,  CPU= 4.15,  System= 0.00
     10     24.652    67.2%            5.60s  Real= 0.28,  CPU= 4.15,  System= 0.01
     11     25.027    68.9%            5.32s  Real= 0.28,  CPU= 4.25,  System= 0.01
     12     25.402    70.5%            5.22s  Real= 0.29,  CPU= 4.28,  System= 0.01
     13     25.777    72.1%            4.76s  Real= 0.28,  CPU= 4.31,  System= 0.01
     14     26.152    73.8%            4.48s  Real= 0.28,  CPU= 4.29,  System= 0.01
     15     26.527    75.4%            4.35s  Real= 0.29,  CPU= 4.31,  System= 0.01
     16     26.902    77.0%            3.64s  Real= 0.26,  CPU= 3.84,  System= 0.01
     17     27.277    78.7%            3.51s  Real= 0.27,  CPU= 3.90,  System= 0.01
     18     27.652    80.3%            3.24s  Real= 0.27,  CPU= 3.93,  System= 0.01
     19     28.027    82.0%            2.86s  Real= 0.26,  CPU= 3.91,  System= 0.01
     20     28.402    83.6%            2.70s  Real= 0.27,  CPU= 3.93,  System= 0.01
     21     28.777    85.2%            2.43s  Real= 0.27,  CPU= 3.93,  System= 0.01
     22     29.152    86.9%            2.16s  Real= 0.27,  CPU= 3.94,  System= 0.01
     23     29.527    88.5%            1.89s  Real= 0.27,  CPU= 3.92,  System= 0.01
     24     29.902    90.2%            1.62s  Real= 0.27,  CPU= 3.90,  System= 0.01
     25     30.277    91.8%            1.35s  Real= 0.27,  CPU= 3.87,  System= 0.00
     26     30.652    93.4%            1.12s  Real= 0.28,  CPU= 3.74,  System= 0.00
     27     31.027    95.1%            0.84s  Real= 0.28,  CPU= 3.73,  System= 0.00
     28     31.402    96.7%            0.58s  Real= 0.29,  CPU= 3.65,  System= 0.00
     29     31.777    98.4%            0.29s  Real= 0.29,  CPU= 3.64,  System= 0.00
     30     32.152   100.0%            0.00s  Real= 0.28,  CPU= 3.56,  System= 0.00

Grid	Atom	Minimum   	Maximum
Map 	Type	Energy    	Energy 
		(kcal/mol)	(kcal/mol)
____	____	_____________	_____________
 1	 A	   -0.88	 2.01e+05
 2	 C	   -0.98	 2.01e+05
 3	 OA	   -1.72	 2.00e+05
 4	 HD	   -0.74	 1.08e+05
 5	 N	   -0.97	 2.00e+05
 6	 e	  -40.72	 3.75e+01	Electrostatic Potential
 7	 d	    0.00	 1.51e+00	Desolvation Potential


 * Note:  Every pairwise-atomic interaction was clamped at 100000.00


autogrid4: Successful Completion.
Real= 1.22s,  CPU= 17.25s,  System= 0.02s
