
       _______________________________________________________

__________//____________________________/////_________________/________
_________/__/____________/_____________/______________/_______/________
________/____/___________/_____________/______________________/________
________/____/__/_____/_/////___/////__/__////_/_///__/__////_/________
_______/______/_/_____/__/_____/_____/_/_____/_//___/_/_/____//________
_______////////_/_____/__/_____/_____/_/_____/_/______/_/_____/________
_______/______/_/____//__/___/_/_____/_/_____/_/______/_/____//________
_______/______/__////_/___///___/////___/////__/______/__////_/________

       _______________________________________________________

                                ______
                               /      \
                              /        \
                             /          \
                             \    /\    /
                              \  /  \  /
                               \/ /\ \/
                                 /  \
                                /____\


                ______________________________________ 
               |                                      |
               |            AutoGrid 4.2.7.x          |
               |                                      |
               |        Garrett M. Morris, TSRI       |
               |            Ruth Huey, TSRI           |
               |        David S. Goodsell, TSRI       |
               |         Arthur J. Olson, TSRI        |
               |                                      |
               |        (C) 1989-2020, TSRI           |
               |   The Scripps Research Institute     |
               |______________________________________|

                ______________________________________ 
               |                                      |
               | Calculation of van der Waals, H-Bond,|
               |   Electrostatic Potential Energy, &  |
               |   Desolvation Free Energy Grid Maps  |
               |             for AutoDock             |
               | For help, email autodock@scripps.edu |
               |______________________________________|




                           $Revision: 1.160 $
Compilation parameters:  NUM_RECEPTOR_TYPES=20 NEINT=1024
  AG_MAX_ATOMS=100000  AG_MAX_NBONDS=4 MAX_MAPS=128 NDIEL=8192 MAX_ATOM_TYPES=126
        e_vdW_Hb table allows    15876 entries of size 1024
Maximum number of maps that can be computed = 128 (defined by MAX_MAPS in "autocomm.h").
  Non-bond cutoff for internal energy calculation (SOFTNBC): 8.00
  Optimize internal energy scoring (USE_8A_NBCUTOFF):  yes
  Faster search for nearby atoms (USE_BHTREE):  no
  Run calculations in parallel if possible (_OPENMP):  yes
  Maximum number of parallel threads (MAXTHREADS): 32
This file was created at:			9:49 06" a.m., 05/29/2025
                   using:			"unknown_host"


GPF> npts 60 60 60                        # num.grid points in xyz

Number of grid points in x-direction:	61
Number of grid points in y-direction:	61
Number of grid points in z-direction:	61

GPF> gridfld receptor.maps.fld            # grid_data_file

Creating (AVS-readable) grid maps file : receptor.maps.fld

Creating (AVS-readable) grid-coordinates extrema file : receptor.maps.xyz

GPF> spacing 0.375                        # spacing(A)
Grid Spacing :			0.375 Angstrom

GPF> receptor_types A C H OA N SA HD      # receptor atom types
GPF> ligand_types A C HD OA N             # ligand atom types
0 'A' ->'A' vdW/Hb/cov
1 'C' ->'C' vdW/Hb/cov
2 'HD' ->'HD' vdW/Hb/cov
3 'OA' ->'OA' vdW/Hb/cov
4 'N' ->'N' vdW/Hb/cov
Allocated space for 7 gridmap objects
16 CPU threads will be used for calculation

Atom type names for ligand atom types 1-5 used for ligand-atom affinity grid maps:

			Atom type number 1 corresponds to atom type name "A".
			Atom type number 2 corresponds to atom type name "C".
			Atom type number 3 corresponds to atom type name "HD".
			Atom type number 4 corresponds to atom type name "OA".
			Atom type number 5 corresponds to atom type name "N".


GPF> receptor receptor.pdbqt              # macromolecule

Receptor Input File :	receptor.pdbqt

Receptor Atom Type Assignments:


Maximum partial atomic charge found = +0.665 e
Minimum partial atomic charge found = -0.648 e

Atom	Atom	Number of this Type
Type	 ID 	 in Receptor
____	____	___________________
 0	 A		   278
 1	 C		  1432
 2	 H		  2052
 3	 OA		   480
 4	 N		   431
 5	 SA		    19
 6	 HD		   554

Total number of atoms :		5246 atoms 
Total charge :			-5.83 e


Receptor coordinates fit within the following volume:

                   _______(62.2, 83.7, 59.6)
                  /|     /|
                 / |    / |
                /______/  |
                |  |___|__| Midpoint = (38.2, 50.6, 33.6)
                |  /   |  /
                | /    | /
                |/_____|/
(14.2, 17.4, 7.7)      

Maximum coordinates :		(62.207, 83.722, 59.616)
Minimum coordinates :		(14.167, 17.411, 7.670)


GPF> gridcenter 38.523 55.842 34.821      # xyz-coordinates or auto

Grid maps will be centered on user-defined coordinates:

		(38.523, 55.842, 34.821)

Grid maps will cover the following volume:

                   _______(49.8, 67.1, 46.1)
                  /|     /|
                 / |    / |
                /______/  |
                |  |___|__| Midpoint = (38.5, 55.8, 34.8)
                |  /   |  /
                | /    | /
                |/_____|/
(27.3, 44.6, 23.6)      

Grid map x-dimension :		22.5 Angstroms
Grid map y-dimension :		22.5 Angstroms
Grid map z-dimension :		22.5 Angstroms

Maximum coordinates :		(49.773, 67.092, 46.071)
Minimum coordinates :		(27.273, 44.592, 23.571)

GPF> smooth 0.5                           # store minimum energy w/in rad(A)

Potentials will be smoothed by: 0.500 Angstrom

GPF> map receptor.A.map                   # atom-specific affinity map

Output Grid Map 1:   receptor.A.map

GPF> map receptor.C.map                   # atom-specific affinity map

Output Grid Map 2:   receptor.C.map

GPF> map receptor.HD.map                  # atom-specific affinity map

Output Grid Map 3:   receptor.HD.map

GPF> map receptor.OA.map                  # atom-specific affinity map

Output Grid Map 4:   receptor.OA.map

GPF> map receptor.N.map                   # atom-specific affinity map

Output Grid Map 5:   receptor.N.map

GPF> elecmap receptor.e.map               # electrostatic potential map

Output Electrostatic Potential Energy Grid Map: receptor.e.map

GPF> dsolvmap receptor.d.map              # desolvation potential map

Output Desolvation Free Energy Grid Map: receptor.d.map

GPF> dielectric -0.1465                   # <0, AD4 distance-dep.diel;>0, constant

Using *distance-dependent* dielectric function of Mehler and Solmajer, Prot.Eng.4, 903-910.


>>> Closing the grid parameter file (GPF)... <<<

________________________________________________________________________________



No Floating Grid was requested.


No Constriction Grid was requested.


Calculating Pairwise Interaction Energies
Beginning grid calculations.

Calculating 7 grids over 226981 elements, around 5246 receptor atoms.

                    Percent   Estimated Time  Time/this plane
XY-plane  Z-coord   Done      Remaining       Real, User, System
            /Ang              /sec            /sec
________  ________  ________  ______________  __________________________

    -30     23.571     1.6%           17.40s  Real= 0.29,  CPU= 4.52,  System= 0.00
    -29     23.946     3.3%           17.70s  Real= 0.30,  CPU= 4.60,  System= 0.00
    -28     24.321     4.9%           17.40s  Real= 0.30,  CPU= 4.60,  System= 0.00
    -27     24.696     6.6%           17.10s  Real= 0.30,  CPU= 4.65,  System= 0.00
    -26     25.071     8.2%           16.80s  Real= 0.30,  CPU= 4.68,  System= 0.00
    -25     25.446     9.8%           16.50s  Real= 0.30,  CPU= 4.68,  System= 0.00
    -24     25.821    11.5%           16.20s  Real= 0.30,  CPU= 4.72,  System= 0.00
    -23     26.196    13.1%           16.43s  Real= 0.31,  CPU= 4.77,  System= 0.00
    -22     26.571    14.8%           16.12s  Real= 0.31,  CPU= 4.77,  System= 0.00
    -21     26.946    16.4%           15.81s  Real= 0.31,  CPU= 4.83,  System= 0.00
    -20     27.321    18.0%           15.50s  Real= 0.31,  CPU= 4.84,  System= 0.00
    -19     27.696    19.7%           15.19s  Real= 0.31,  CPU= 4.87,  System= 0.00
    -18     28.071    21.3%           15.36s  Real= 0.32,  CPU= 4.89,  System= 0.00
    -17     28.446    23.0%           15.04s  Real= 0.32,  CPU= 4.89,  System= 0.00
    -16     28.821    24.6%           14.72s  Real= 0.32,  CPU= 4.90,  System= 0.00
    -15     29.196    26.2%           16.65s  Real= 0.37,  CPU= 5.66,  System= 0.00
    -14     29.571    27.9%           12.76s  Real= 0.29,  CPU= 4.39,  System= 0.00
    -13     29.946    29.5%           12.47s  Real= 0.29,  CPU= 4.35,  System= 0.00
    -12     30.321    31.1%           12.60s  Real= 0.30,  CPU= 4.38,  System= 0.00
    -11     30.696    32.8%           12.30s  Real= 0.30,  CPU= 4.39,  System= 0.00
    -10     31.071    34.4%           12.00s  Real= 0.30,  CPU= 4.51,  System= 0.00
     -9     31.446    36.1%           11.70s  Real= 0.30,  CPU= 4.42,  System= 0.00
     -8     31.821    37.7%           11.40s  Real= 0.30,  CPU= 4.49,  System= 0.00
     -7     32.196    39.3%           11.10s  Real= 0.30,  CPU= 4.53,  System= 0.00
     -6     32.571    41.0%           11.16s  Real= 0.31,  CPU= 4.55,  System= 0.00
     -5     32.946    42.6%           10.85s  Real= 0.31,  CPU= 4.58,  System= 0.00
     -4     33.321    44.3%           10.54s  Real= 0.31,  CPU= 4.60,  System= 0.00
     -3     33.696    45.9%           10.23s  Real= 0.31,  CPU= 4.64,  System= 0.00
     -2     34.071    47.5%            9.92s  Real= 0.31,  CPU= 4.64,  System= 0.00
     -1     34.446    49.2%            9.61s  Real= 0.31,  CPU= 4.64,  System= 0.00
      0     34.821    50.8%            8.70s  Real= 0.29,  CPU= 4.44,  System= 0.00
      1     35.196    52.5%            8.41s  Real= 0.29,  CPU= 4.36,  System= 0.01
      2     35.571    54.1%            8.40s  Real= 0.30,  CPU= 4.41,  System= 0.01
      3     35.946    55.7%            7.83s  Real= 0.29,  CPU= 4.39,  System= 0.01
      4     36.321    57.4%            7.54s  Real= 0.29,  CPU= 4.46,  System= 0.01
      5     36.696    59.0%            7.25s  Real= 0.29,  CPU= 4.47,  System= 0.01
      6     37.071    60.7%            7.20s  Real= 0.30,  CPU= 4.46,  System= 0.01
      7     37.446    62.3%            6.90s  Real= 0.30,  CPU= 4.52,  System= 0.01
      8     37.821    63.9%            6.82s  Real= 0.31,  CPU= 4.59,  System= 0.01
      9     38.196    65.6%            6.30s  Real= 0.30,  CPU= 4.59,  System= 0.01
     10     38.571    67.2%            6.20s  Real= 0.31,  CPU= 4.63,  System= 0.01
     11     38.946    68.9%            5.89s  Real= 0.31,  CPU= 4.64,  System= 0.01
     12     39.321    70.5%            5.58s  Real= 0.31,  CPU= 4.66,  System= 0.01
     13     39.696    72.1%            5.27s  Real= 0.31,  CPU= 4.67,  System= 0.01
     14     40.071    73.8%            4.96s  Real= 0.31,  CPU= 4.68,  System= 0.01
     15     40.446    75.4%            4.50s  Real= 0.30,  CPU= 4.47,  System= 0.01
     16     40.821    77.0%            4.06s  Real= 0.29,  CPU= 4.34,  System= 0.00
     17     41.196    78.7%            3.77s  Real= 0.29,  CPU= 4.38,  System= 0.00
     18     41.571    80.3%            3.60s  Real= 0.30,  CPU= 4.39,  System= 0.00
     19     41.946    82.0%            3.30s  Real= 0.30,  CPU= 4.41,  System= 0.00
     20     42.321    83.6%            3.00s  Real= 0.30,  CPU= 4.42,  System= 0.00
     21     42.696    85.2%            2.70s  Real= 0.30,  CPU= 4.42,  System= 0.00
     22     43.071    86.9%            2.40s  Real= 0.30,  CPU= 4.38,  System= 0.00
     23     43.446    88.5%            2.10s  Real= 0.30,  CPU= 4.35,  System= 0.00
     24     43.821    90.2%            1.86s  Real= 0.31,  CPU= 4.32,  System= 0.00
     25     44.196    91.8%            1.55s  Real= 0.31,  CPU= 4.30,  System= 0.00
     26     44.571    93.4%            1.24s  Real= 0.31,  CPU= 4.26,  System= 0.00
     27     44.946    95.1%            0.93s  Real= 0.31,  CPU= 4.21,  System= 0.00
     28     45.321    96.7%            0.62s  Real= 0.31,  CPU= 4.20,  System= 0.00
     29     45.696    98.4%            0.31s  Real= 0.31,  CPU= 4.19,  System= 0.00
     30     46.071   100.0%            0.00s  Real= 0.30,  CPU= 3.86,  System= 0.00

Grid	Atom	Minimum   	Maximum
Map 	Type	Energy    	Energy 
		(kcal/mol)	(kcal/mol)
____	____	_____________	_____________
 1	 A	   -0.82	 2.01e+05
 2	 C	   -0.91	 2.01e+05
 3	 HD	   -0.73	 1.07e+05
 4	 OA	   -1.64	 2.00e+05
 5	 N	   -1.04	 2.00e+05
 6	 e	  -35.07	 1.89e+01	Electrostatic Potential
 7	 d	    0.00	 1.53e+00	Desolvation Potential


 * Note:  Every pairwise-atomic interaction was clamped at 100000.00


autogrid4: Successful Completion.
Real= 1.33s,  CPU= 18.88s,  System= 0.02s
